0.0001 -0.177295
0.0011 -0.177304
0.0021 -0.177314
0.0032 -0.177324
0.0043 -0.177334
0.0053 -0.177343
0.0063 -0.177352
0.0073 -0.177361
0.0083 -0.17737
0.0094 -0.17738
0.0105 -0.17739
0.0116 -0.177399
0.0127 -0.177409
0.0138 -0.177419
0.0149 -0.177429
0.016 -0.177439
0.0171 -0.177449
0.0182 -0.177459
0.0193 -0.177469
0.0204 -0.177478
0.0215 -0.177488
0.0226 -0.177498
0.0237 -0.177508
0.0248 -0.177518
0.0259 -0.177528
0.027 -0.177537
0.0281 -0.177547
0.0292 -0.177557
0.0303 -0.177567
0.0313 -0.177576
0.0323 -0.177584
0.0333 -0.177593
0.0343 -0.177602
0.0353 -0.177611
0.0363 -0.17762
0.0373 -0.177629
0.0383 -0.177638
0.0393 -0.177646
0.0403 -0.177655
0.0413 -0.177664
0.0423 -0.177673
0.0433 -0.177682
0.0443 -0.17769
0.0453 -0.177699
0.0463 -0.177708
0.0473 -0.177717
0.0483 -0.177725
0.0493 -0.177734
