0.0001 39.2223 39.2223 36.8445 36.6974 34.3196 34.3196 31.9417 31.7946 29.4168 29.4168 27.0389 26.8918 24.514 24.514 22.1361 21.989 19.6112 19.6112 17.2333 17.0862 14.7084 14.7084 12.3305 12.1834 9.80559 9.80559 7.42773 7.28065 4.90279 4.90279 2.52494 2.37785 0 0 0 0 0 0 0 0 0 0 0 0 0 0 0 0 0 0
0.0011 39.2223 39.2223 36.8444 36.6973 34.3195 34.3195 31.9416 31.7945 29.4167 29.4167 27.0388 26.8917 24.5139 24.5139 22.136 21.989 19.6111 19.6111 17.2333 17.0862 14.7083 14.7083 12.3305 12.1834 9.80554 9.80554 7.4277 7.28061 4.90277 4.90277 2.52492 2.37784 0 0 0 0 0 0 0 0 0 0 0 0 0 0 0 0 0 0
0.0021 39.2222 39.2222 36.8444 36.6973 34.3194 34.3194 31.9416 31.7945 29.4166 29.4166 27.0388 26.8917 24.5138 24.5138 22.136 21.9889 19.6111 19.6111 17.2332 17.0861 14.7083 14.7083 12.3305 12.1834 9.80552 9.80552 7.42768 7.2806 4.90276 4.90276 2.52491 2.37783 0 0 0 0 0 0 0 0 0 0 0 0 0 0 0 0 0 0
0.0032 39.2222 39.2222 36.8444 36.6973 34.3194 34.3194 31.9416 31.7945 29.4167 29.4167 27.0388 26.8917 24.5139 24.5139 22.136 21.9889 19.6111 19.6111 17.2332 17.0862 14.7083 14.7083 12.3305 12.1834 9.80553 9.80553 7.42769 7.2806 4.90276 4.90276 2.52491 2.37782 0 0 0 0 0 0 0 0 0 0 0 0 0 0 0 0 0 0
0.0043 39.2223 39.2223 36.8445 36.6974 34.3195 34.3195 31.9417 31.7946 29.4167 29.4167 27.0389 26.8918 24.5139 24.5139 22.1361 21.989 19.6111 19.6111 17.2333 17.0862 14.7083 14.7083 12.3305 12.1834 9.80556 9.80556 7.4277 7.28062 4.90277 4.90277 2.52491 2.37782 0 0 0 0 0 0 0 0 0 0 0 0 0 0 0 0 0 0
0.0053 39.2224 39.2224 36.8445 36.6975 34.3196 34.3196 31.9417 31.7947 29.4168 29.4168 27.0389 26.8919 24.514 24.514 22.1361 21.9891 19.6112 19.6112 17.2333 17.0863 14.7084 14.7084 12.3305 12.1835 9.80559 9.80559 7.42773 7.28065 4.90279 4.90279 2.52492 2.37783 0 0 0 0 0 0 0 0 0 0 0 0 0 0 0 0 0 0
0.0063 39.2224 39.2224 36.8446 36.6975 34.3196 34.3196 31.9418 31.7947 29.4168 29.4168 27.039 26.8919 24.514 24.514 22.1362 21.9891 19.6112 19.6112 17.2334 17.0863 14.7084 14.7084 12.3306 12.1835 9.80562 9.80562 7.42775 7.28067 4.9028 4.9028 2.52493 2.37784 0 0 0 0 0 0 0 0 0 0 0 0 0 0 0 0 0 0
0.0073 39.2224 39.2224 36.8446 36.6975 34.3196 34.3196 31.9418 31.7947 29.4168 29.4168 27.039 26.8919 24.514 24.514 22.1362 21.9891 19.6112 19.6112 17.2334 17.0863 14.7084 14.7084 12.3306 12.1835 9.80562 9.80562 7.42775 7.28067 4.90281 4.90281 2.52494 2.37785 0 0 0 0 0 0 0 0 0 0 0 0 0 0 0 0 0 0
0.0083 39.2224 39.2224 36.8445 36.6974 34.3196 34.3196 31.9417 31.7947 29.4168 29.4168 27.0389 26.8919 24.514 24.514 22.1361 21.9891 19.6112 19.6112 17.2333 17.0863 14.7084 14.7084 12.3305 12.1835 9.8056 9.8056 7.42774 7.28066 4.9028 4.9028 2.52494 2.37785 0 0 0 0 0 0 0 0 0 0 0 0 0 0 0 0 0 0
0.0094 39.2223 39.2223 36.8445 36.6974 34.3195 34.3195 31.9417 31.7946 29.4167 29.4167 27.0389 26.8918 24.5139 24.5139 22.1361 21.989 19.6111 19.6111 17.2333 17.0862 14.7084 14.7084 12.3305 12.1834 9.80557 9.80557 7.42772 7.28063 4.90278 4.90278 2.52493 2.37784 0 0 0 0 0 0 0 0 0 0 0 0 0 0 0 0 0 0
0.0105 39.2223 39.2223 36.8444 36.6973 34.3195 34.3195 31.9416 31.7945 29.4167 29.4167 27.0388 26.8917 24.5139 24.5139 22.136 21.989 19.6111 19.6111 17.2333 17.0862 14.7083 14.7083 12.3305 12.1834 9.80554 9.80554 7.4277 7.28061 4.90277 4.90277 2.52492 2.37783 0 0 0 0 0 0 0 0 0 0 0 0 0 0 0 0 0 0
0.0116 39.2223 39.2223 36.8444 36.6973 34.3195 34.3195 31.9416 31.7945 29.4167 29.4167 27.0388 26.8917 24.5139 24.5139 22.136 21.9889 19.6111 19.6111 17.2332 17.0862 14.7083 14.7083 12.3305 12.1834 9.80554 9.80554 7.42769 7.28061 4.90276 4.90276 2.52491 2.37783 0 0 0 0 0 0 0 0 0 0 0 0 0 0 0 0 0 0
0.0127 39.2223 39.2223 36.8444 36.6974 34.3195 34.3195 31.9417 31.7946 29.4167 29.4167 27.0389 26.8918 24.5139 24.5139 22.1361 21.989 19.6111 19.6111 17.2333 17.0862 14.7083 14.7083 12.3305 12.1834 9.80555 9.80555 7.4277 7.28062 4.90277 4.90277 2.52491 2.37783 0 0 0 0 0 0 0 0 0 0 0 0 0 0 0 0 0 0
0.0138 39.2224 39.2224 36.8445 36.6974 34.3196 34.3196 31.9417 31.7946 29.4168 29.4168 27.0389 26.8918 24.514 24.514 22.1361 21.989 19.6112 19.6112 17.2333 17.0862 14.7084 14.7084 12.3305 12.1834 9.80558 9.80558 7.42772 7.28064 4.90278 4.90278 2.52492 2.37783 0 0 0 0 0 0 0 0 0 0 0 0 0 0 0 0 0 0
0.0149 39.2224 39.2224 36.8446 36.6975 34.3196 34.3196 31.9418 31.7947 29.4168 29.4168 27.039 26.8919 24.514 24.514 22.1362 21.9891 19.6112 19.6112 17.2334 17.0863 14.7084 14.7084 12.3305 12.1835 9.8056 9.8056 7.42774 7.28066 4.9028 4.9028 2.52493 2.37784 0 0 0 0 0 0 0 0 0 0 0 0 0 0 0 0 0 0
0.016 39.2224 39.2224 36.8446 36.6975 34.3196 34.3196 31.9418 31.7947 29.4168 29.4168 27.039 26.8919 24.514 24.514 22.1362 21.9891 19.6112 19.6112 17.2334 17.0863 14.7084 14.7084 12.3306 12.1835 9.80561 9.80561 7.42775 7.28066 4.9028 4.9028 2.52493 2.37785 0 0 0 0 0 0 0 0 0 0 0 0 0 0 0 0 0 0
0.0171 39.2224 39.2224 36.8445 36.6974 34.3196 34.3196 31.9417 31.7946 29.4168 29.4168 27.0389 26.8918 24.514 24.514 22.1361 21.9891 19.6112 19.6112 17.2333 17.0863 14.7084 14.7084 12.3305 12.1835 9.80559 9.80559 7.42774 7.28065 4.90279 4.90279 2.52493 2.37785 0 0 0 0 0 0 0 0 0 0 0 0 0 0 0 0 0 0
0.0182 39.2223 39.2223 36.8445 36.6974 34.3195 34.3195 31.9417 31.7946 29.4167 29.4167 27.0389 26.8918 24.5139 24.5139 22.1361 21.989 19.6112 19.6112 17.2333 17.0862 14.7084 14.7084 12.3305 12.1834 9.80557 9.80557 7.42772 7.28063 4.90278 4.90278 2.52493 2.37784 0 0 0 0 0 0 0 0 0 0 0 0 0 0 0 0 0 0
0.0193 39.2223 39.2223 36.8444 36.6973 34.3195 34.3195 31.9416 31.7946 29.4167 29.4167 27.0388 26.8918 24.5139 24.5139 22.1361 21.989 19.6111 19.6111 17.2333 17.0862 14.7083 14.7083 12.3305 12.1834 9.80556 9.80556 7.42771 7.28062 4.90277 4.90277 2.52492 2.37784 0 0 0 0 0 0 0 0 0 0 0 0 0 0 0 0 0 0
0.0204 39.2223 39.2223 36.8444 36.6973 34.3195 34.3195 31.9416 31.7945 29.4167 29.4167 27.0388 26.8918 24.5139 24.5139 22.1361 21.989 19.6111 19.6111 17.2333 17.0862 14.7083 14.7083 12.3305 12.1834 9.80555 9.80555 7.4277 7.28062 4.90277 4.90277 2.52492 2.37783 0 0 0 0 0 0 0 0 0 0 0 0 0 0 0 0 0 0
0.0215 39.2223 39.2223 36.8445 36.6974 34.3195 34.3195 31.9417 31.7946 29.4167 29.4167 27.0389 26.8918 24.5139 24.5139 22.1361 21.989 19.6111 19.6111 17.2333 17.0862 14.7083 14.7083 12.3305 12.1834 9.80556 9.80556 7.42771 7.28062 4.90277 4.90277 2.52492 2.37783 0 0 0 0 0 0 0 0 0 0 0 0 0 0 0 0 0 0
0.0226 39.2224 39.2224 36.8445 36.6974 34.3196 34.3196 31.9417 31.7946 29.4168 29.4168 27.0389 26.8918 24.514 24.514 22.1361 21.989 19.6112 19.6112 17.2333 17.0862 14.7084 14.7084 12.3305 12.1834 9.80558 9.80558 7.42772 7.28064 4.90279 4.90279 2.52492 2.37784 0 0 0 0 0 0 0 0 0 0 0 0 0 0 0 0 0 0
0.0237 39.2224 39.2224 36.8445 36.6975 34.3196 34.3196 31.9417 31.7947 29.4168 29.4168 27.0389 26.8919 24.514 24.514 22.1361 21.9891 19.6112 19.6112 17.2333 17.0863 14.7084 14.7084 12.3305 12.1835 9.8056 9.8056 7.42774 7.28065 4.9028 4.9028 2.52493 2.37785 0 0 0 0 0 0 0 0 0 0 0 0 0 0 0 0 0 0
0.0248 39.2224 39.2224 36.8445 36.6975 34.3196 34.3196 31.9417 31.7947 29.4168 29.4168 27.039 26.8919 24.514 24.514 22.1362 21.9891 19.6112 19.6112 17.2334 17.0863 14.7084 14.7084 12.3305 12.1835 9.8056 9.8056 7.42774 7.28066 4.9028 4.9028 2.52493 2.37785 0 0 0 0 0 0 0 0 0 0 0 0 0 0 0 0 0 0
0.0259 39.2224 39.2224 36.8445 36.6974 34.3196 34.3196 31.9417 31.7946 29.4168 29.4168 27.0389 26.8918 24.514 24.514 22.1361 21.989 19.6112 19.6112 17.2333 17.0862 14.7084 14.7084 12.3305 12.1835 9.80559 9.80559 7.42774 7.28065 4.9028 4.9028 2.52494 2.37785 0 0 0 0 0 0 0 0 0 0 0 0 0 0 0 0 0 0
0.027 39.2223 39.2223 36.8445 36.6974 34.3195 34.3195 31.9417 31.7946 29.4167 29.4167 27.0389 26.8918 24.514 24.514 22.1361 21.989 19.6112 19.6112 17.2333 17.0862 14.7084 14.7084 12.3305 12.1834 9.80558 9.80558 7.42773 7.28064 4.90279 4.90279 2.52494 2.37785 0 0 0 0 0 0 0 0 0 0 0 0 0 0 0 0 0 0
0.0281 39.2223 39.2223 36.8445 36.6974 34.3195 34.3195 31.9417 31.7946 29.4167 29.4167 27.0389 26.8918 24.5139 24.5139 22.1361 21.989 19.6111 19.6111 17.2333 17.0862 14.7084 14.7084 12.3305 12.1834 9.80557 9.80557 7.42772 7.28063 4.90278 4.90278 2.52493 2.37785 0 0 0 0 0 0 0 0 0 0 0 0 0 0 0 0 0 0
0.0292 39.2223 39.2223 36.8445 36.6974 34.3195 34.3195 31.9417 31.7946 29.4167 29.4167 27.0389 26.8918 24.5139 24.5139 22.1361 21.989 19.6111 19.6111 17.2333 17.0862 14.7084 14.7084 12.3305 12.1834 9.80556 9.80556 7.42771 7.28063 4.90278 4.90278 2.52493 2.37785 0 0 0 0 0 0 0 0 0 0 0 0 0 0 0 0 0 0
0.0303 39.2223 39.2223 36.8445 36.6974 34.3195 34.3195 31.9417 31.7946 29.4167 29.4167 27.0389 26.8918 24.5139 24.5139 22.1361 21.989 19.6112 19.6112 17.2333 17.0862 14.7084 14.7084 12.3305 12.1834 9.80558 9.80558 7.42772 7.28064 4.90279 4.90279 2.52493 2.37785 0 0 0 0 0 0 0 0 0 0 0 0 0 0 0 0 0 0
0.0313 39.2224 39.2224 36.8445 36.6974 34.3196 34.3196 31.9417 31.7946 29.4168 29.4168 27.0389 26.8918 24.514 24.514 22.1361 21.989 19.6112 19.6112 17.2333 17.0862 14.7084 14.7084 12.3305 12.1834 9.80559 9.80559 7.42773 7.28065 4.90279 4.90279 2.52494 2.37785 0 0 0 0 0 0 0 0 0 0 0 0 0 0 0 0 0 0
0.0323 39.2224 39.2224 36.8445 36.6974 34.3196 34.3196 31.9417 31.7947 29.4168 29.4168 27.0389 26.8919 24.514 24.514 22.1361 21.9891 19.6112 19.6112 17.2333 17.0863 14.7084 14.7084 12.3305 12.1835 9.8056 9.8056 7.42775 7.28066 4.9028 4.9028 2.52494 2.37786 0 0 0 0 0 0 0 0 0 0 0 0 0 0 0 0 0 0
0.0333 39.2224 39.2224 36.8445 36.6975 34.3196 34.3196 31.9417 31.7947 29.4168 29.4168 27.039 26.8919 24.514 24.514 22.1362 21.9891 19.6112 19.6112 17.2334 17.0863 14.7084 14.7084 12.3306 12.1835 9.80561 9.80561 7.42775 7.28067 4.90281 4.90281 2.52495 2.37787 0 0 0 0 0 0 0 0 0 0 0 0 0 0 0 0 0 0
0.0343 39.2224 39.2224 36.8445 36.6975 34.3196 34.3196 31.9417 31.7947 29.4168 29.4168 27.0389 26.8919 24.514 24.514 22.1361 21.9891 19.6112 19.6112 17.2333 17.0863 14.7084 14.7084 12.3306 12.1835 9.80561 9.80561 7.42775 7.28067 4.90281 4.90281 2.52495 2.37787 0 0 0 0 0 0 0 0 0 0 0 0 0 0 0 0 0 0
0.0353 39.2224 39.2224 36.8445 36.6974 34.3196 34.3196 31.9417 31.7946 29.4168 29.4168 27.0389 26.8918 24.514 24.514 22.1361 21.989 19.6112 19.6112 17.2333 17.0863 14.7084 14.7084 12.3305 12.1835 9.8056 9.8056 7.42775 7.28066 4.90281 4.90281 2.52495 2.37787 0 0 0 0 0 0 0 0 0 0 0 0 0 0 0 0 0 0
0.0363 39.2223 39.2223 36.8445 36.6974 34.3195 34.3195 31.9417 31.7946 29.4168 29.4168 27.0389 26.8918 24.514 24.514 22.1361 21.989 19.6112 19.6112 17.2333 17.0862 14.7084 14.7084 12.3305 12.1834 9.80559 9.80559 7.42774 7.28066 4.9028 4.9028 2.52495 2.37787 0 0 0 0 0 0 0 0 0 0 0 0 0 0 0 0 0 0
0.0373 39.2223 39.2223 36.8445 36.6974 34.3195 34.3195 31.9417 31.7946 29.4167 29.4167 27.0389 26.8918 24.514 24.514 22.1361 21.989 19.6112 19.6112 17.2333 17.0862 14.7084 14.7084 12.3305 12.1834 9.80558 9.80558 7.42773 7.28065 4.9028 4.9028 2.52495 2.37787 0 0 0 0 0 0 0 0 0 0 0 0 0 0 0 0 0 0
0.0383 39.2223 39.2223 36.8445 36.6974 34.3195 34.3195 31.9417 31.7946 29.4167 29.4167 27.0389 26.8918 24.514 24.514 22.1361 21.989 19.6112 19.6112 17.2333 17.0862 14.7084 14.7084 12.3305 12.1834 9.80559 9.80559 7.42773 7.28065 4.9028 4.9028 2.52495 2.37787 0 0 0 0 0 0 0 0 0 0 0 0 0 0 0 0 0 0
0.0393 39.2224 39.2224 36.8445 36.6974 34.3196 34.3196 31.9417 31.7946 29.4168 29.4168 27.0389 26.8918 24.514 24.514 22.1361 21.989 19.6112 19.6112 17.2333 17.0862 14.7084 14.7084 12.3305 12.1834 9.80559 9.80559 7.42774 7.28066 4.9028 4.9028 2.52495 2.37787 0 0 0 0 0 0 0 0 0 0 0 0 0 0 0 0 0 0
0.0403 39.2224 39.2224 36.8445 36.6974 34.3196 34.3196 31.9417 31.7946 29.4168 29.4168 27.0389 26.8918 24.514 24.514 22.1361 21.9891 19.6112 19.6112 17.2333 17.0863 14.7084 14.7084 12.3305 12.1835 9.8056 9.8056 7.42775 7.28066 4.90281 4.90281 2.52495 2.37787 0 0 0 0 0 0 0 0 0 0 0 0 0 0 0 0 0 0
0.0413 39.2224 39.2224 36.8445 36.6975 34.3196 34.3196 31.9417 31.7947 29.4168 29.4168 27.0389 26.8919 24.514 24.514 22.1361 21.9891 19.6112 19.6112 17.2334 17.0863 14.7084 14.7084 12.3306 12.1835 9.80561 9.80561 7.42775 7.28067 4.90281 4.90281 2.52496 2.37787 0 0 0 0 0 0 0 0 0 0 0 0 0 0 0 0 0 0
0.0423 39.2224 39.2224 36.8445 36.6975 34.3196 34.3196 31.9417 31.7947 29.4168 29.4168 27.0389 26.8919 24.514 24.514 22.1362 21.9891 19.6112 19.6112 17.2334 17.0863 14.7084 14.7084 12.3306 12.1835 9.80561 9.80561 7.42775 7.28067 4.90281 4.90281 2.52496 2.37787 0 0 0 0 0 0 0 0 0 0 0 0 0 0 0 0 0 0
0.0433 39.2224 39.2224 36.8445 36.6974 34.3196 34.3196 31.9417 31.7946 29.4168 29.4168 27.0389 26.8919 24.514 24.514 22.1361 21.9891 19.6112 19.6112 17.2333 17.0863 14.7084 14.7084 12.3305 12.1835 9.80561 9.80561 7.42775 7.28067 4.90281 4.90281 2.52496 2.37787 0 0 0 0 0 0 0 0 0 0 0 0 0 0 0 0 0 0
0.0443 39.2224 39.2224 36.8445 36.6974 34.3196 34.3196 31.9417 31.7946 29.4168 29.4168 27.0389 26.8918 24.514 24.514 22.1361 21.989 19.6112 19.6112 17.2333 17.0862 14.7084 14.7084 12.3305 12.1835 9.8056 9.8056 7.42775 7.28066 4.90281 4.90281 2.52496 2.37787 0 0 0 0 0 0 0 0 0 0 0 0 0 0 0 0 0 0
0.0453 39.2223 39.2223 36.8445 36.6974 34.3196 34.3196 31.9417 31.7946 29.4168 29.4168 27.0389 26.8918 24.514 24.514 22.1361 21.989 19.6112 19.6112 17.2333 17.0862 14.7084 14.7084 12.3305 12.1834 9.80559 9.80559 7.42774 7.28065 4.9028 4.9028 2.52495 2.37787 0 0 0 0 0 0 0 0 0 0 0 0 0 0 0 0 0 0
0.0463 39.2223 39.2223 36.8445 36.6974 34.3195 34.3195 31.9417 31.7946 29.4167 29.4167 27.0389 26.8918 24.514 24.514 22.1361 21.989 19.6112 19.6112 17.2333 17.0862 14.7084 14.7084 12.3305 12.1834 9.80559 9.80559 7.42773 7.28065 4.9028 4.9028 2.52495 2.37786 0 0 0 0 0 0 0 0 0 0 0 0 0 0 0 0 0 0
0.0473 39.2223 39.2223 36.8445 36.6974 34.3195 34.3195 31.9417 31.7946 29.4168 29.4168 27.0389 26.8918 24.514 24.514 22.1361 21.989 19.6112 19.6112 17.2333 17.0862 14.7084 14.7084 12.3305 12.1834 9.80559 9.80559 7.42773 7.28065 4.9028 4.9028 2.52495 2.37786 0 0 0 0 0 0 0 0 0 0 0 0 0 0 0 0 0 0
0.0483 39.2224 39.2224 36.8445 36.6974 34.3196 34.3196 31.9417 31.7946 29.4168 29.4168 27.0389 26.8918 24.514 24.514 22.1361 21.989 19.6112 19.6112 17.2333 17.0862 14.7084 14.7084 12.3305 12.1834 9.80559 9.80559 7.42774 7.28065 4.9028 4.9028 2.52495 2.37786 0 0 0 0 0 0 0 0 0 0 0 0 0 0 0 0 0 0
0.0493 39.2224 39.2224 36.8445 36.6974 34.3196 34.3196 31.9417 31.7946 29.4168 29.4168 27.0389 26.8918 24.514 24.514 22.1361 21.989 19.6112 19.6112 17.2333 17.0862 14.7084 14.7084 12.3305 12.1835 9.8056 9.8056 7.42774 7.28066 4.9028 4.9028 2.52495 2.37786 0 0 0 0 0 0 0 0 0 0 0 0 0 0 0 0 0 0
0.0503 39.2224 39.2224 36.8445 36.6974 34.3196 34.3196 31.9417 31.7946 29.4168 29.4168 27.0389 26.8918 24.514 24.514 22.1361 21.9891 19.6112 19.6112 17.2333 17.0863 14.7084 14.7084 12.3305 12.1835 9.8056 9.8056 7.42775 7.28066 4.9028 4.9028 2.52495 2.37786 0 0 0 0 0 0 0 0 0 0 0 0 0 0 0 0 0 0
0.0513 39.2224 39.2224 36.8445 36.6974 34.3196 34.3196 31.9417 31.7946 29.4168 29.4168 27.0389 26.8918 24.514 24.514 22.1361 21.9891 19.6112 19.6112 17.2333 17.0863 14.7084 14.7084 12.3305 12.1835 9.8056 9.8056 7.42775 7.28066 4.9028 4.9028 2.52495 2.37787 0 0 0 0 0 0 0 0 0 0 0 0 0 0 0 0 0 0
0.0523 39.2224 39.2224 36.8445 36.6974 34.3196 34.3196 31.9417 31.7946 29.4168 29.4168 27.0389 26.8918 24.514 24.514 22.1361 21.989 19.6112 19.6112 17.2333 17.0863 14.7084 14.7084 12.3305 12.1835 9.8056 9.8056 7.42774 7.28066 4.9028 4.9028 2.52495 2.37786 0 0 0 0 0 0 0 0 0 0 0 0 0 0 0 0 0 0
0.0533 39.2224 39.2224 36.8445 36.6974 34.3196 34.3196 31.9417 31.7946 29.4168 29.4168 27.0389 26.8918 24.514 24.514 22.1361 21.989 19.6112 19.6112 17.2333 17.0862 14.7084 14.7084 12.3305 12.1834 9.80559 9.80559 7.42774 7.28065 4.9028 4.9028 2.52495 2.37786 0 0 0 0 0 0 0 0 0 0 0 0 0 0 0 0 0 0
0.0543 39.2223 39.2223 36.8445 36.6974 34.3195 34.3195 31.9417 31.7946 29.4168 29.4168 27.0389 26.8918 24.514 24.514 22.1361 21.989 19.6112 19.6112 17.2333 17.0862 14.7084 14.7084 12.3305 12.1834 9.80559 9.80559 7.42773 7.28065 4.90279 4.90279 2.52494 2.37786 0 0 0 0 0 0 0 0 0 0 0 0 0 0 0 0 0 0
0.0553 39.2223 39.2223 36.8445 36.6974 34.3195 34.3195 31.9417 31.7946 29.4167 29.4167 27.0389 26.8918 24.514 24.514 22.1361 21.989 19.6112 19.6112 17.2333 17.0862 14.7084 14.7084 12.3305 12.1834 9.80558 9.80558 7.42773 7.28065 4.90279 4.90279 2.52494 2.37786 0 0 0 0 0 0 0 0 0 0 0 0 0 0 0 0 0 0
0.0563 39.2223 39.2223 36.8445 36.6974 34.3195 34.3195 31.9417 31.7946 29.4168 29.4168 27.0389 26.8918 24.514 24.514 22.1361 21.989 19.6112 19.6112 17.2333 17.0862 14.7084 14.7084 12.3305 12.1834 9.80558 9.80558 7.42773 7.28065 4.90279 4.90279 2.52494 2.37785 0 0 0 0 0 0 0 0 0 0 0 0 0 0 0 0 0 0
0.0573 39.2223 39.2223 36.8445 36.6974 34.3196 34.3196 31.9417 31.7946 29.4168 29.4168 27.0389 26.8918 24.514 24.514 22.1361 21.989 19.6112 19.6112 17.2333 17.0862 14.7084 14.7084 12.3305 12.1834 9.80559 9.80559 7.42773 7.28065 4.90279 4.90279 2.52494 2.37785 0 0 0 0 0 0 0 0 0 0 0 0 0 0 0 0 0 0
0.0583 39.2224 39.2224 36.8445 36.6974 34.3196 34.3196 31.9417 31.7946 29.4168 29.4168 27.0389 26.8918 24.514 24.514 22.1361 21.989 19.6112 19.6112 17.2333 17.0862 14.7084 14.7084 12.3305 12.1834 9.80559 9.80559 7.42773 7.28065 4.90279 4.90279 2.52494 2.37785 0 0 0 0 0 0 0 0 0 0 0 0 0 0 0 0 0 0
0.0593 39.2224 39.2224 36.8445 36.6974 34.3196 34.3196 31.9417 31.7946 29.4168 29.4168 27.0389 26.8918 24.514 24.514 22.1361 21.989 19.6112 19.6112 17.2333 17.0862 14.7084 14.7084 12.3305 12.1834 9.80559 9.80559 7.42774 7.28065 4.9028 4.9028 2.52494 2.37785 0 0 0 0 0 0 0 0 0 0 0 0 0 0 0 0 0 0
0.0603 39.2224 39.2224 36.8445 36.6974 34.3196 34.3196 31.9417 31.7946 29.4168 29.4168 27.0389 26.8918 24.514 24.514 22.1361 21.989 19.6112 19.6112 17.2333 17.0862 14.7084 14.7084 12.3305 12.1834 9.80559 9.80559 7.42773 7.28065 4.90279 4.90279 2.52494 2.37785 0 0 0 0 0 0 0 0 0 0 0 0 0 0 0 0 0 0
0.0613 39.2224 39.2224 36.8445 36.6974 34.3196 34.3196 31.9417 31.7946 29.4168 29.4168 27.0389 26.8918 24.514 24.514 22.1361 21.989 19.6112 19.6112 17.2333 17.0862 14.7084 14.7084 12.3305 12.1834 9.80559 9.80559 7.42773 7.28065 4.90279 4.90279 2.52494 2.37785 0 0 0 0 0 0 0 0 0 0 0 0 0 0 0 0 0 0
0.0623 39.2223 39.2223 36.8445 36.6974 34.3195 34.3195 31.9417 31.7946 29.4168 29.4168 27.0389 26.8918 24.514 24.514 22.1361 21.989 19.6112 19.6112 17.2333 17.0862 14.7084 14.7084 12.3305 12.1834 9.80558 9.80558 7.42773 7.28064 4.90279 4.90279 2.52493 2.37785 0 0 0 0 0 0 0 0 0 0 0 0 0 0 0 0 0 0
0.0633 39.2223 39.2223 36.8445 36.6974 34.3195 34.3195 31.9417 31.7946 29.4167 29.4167 27.0389 26.8918 24.514 24.514 22.1361 21.989 19.6112 19.6112 17.2333 17.0862 14.7084 14.7084 12.3305 12.1834 9.80558 9.80558 7.42772 7.28064 4.90279 4.90279 2.52493 2.37785 0 0 0 0 0 0 0 0 0 0 0 0 0 0 0 0 0 0
0.0643 39.2223 39.2223 36.8445 36.6974 34.3195 34.3195 31.9417 31.7946 29.4167 29.4167 27.0389 26.8918 24.514 24.514 22.1361 21.989 19.6112 19.6112 17.2333 17.0862 14.7084 14.7084 12.3305 12.1834 9.80557 9.80557 7.42772 7.28064 4.90278 4.90278 2.52493 2.37784 0 0 0 0 0 0 0 0 0 0 0 0 0 0 0 0 0 0
0.0653 39.2223 39.2223 36.8445 36.6974 34.3195 34.3195 31.9417 31.7946 29.4167 29.4167 27.0389 26.8918 24.514 24.514 22.1361 21.989 19.6112 19.6112 17.2333 17.0862 14.7084 14.7084 12.3305 12.1834 9.80557 9.80557 7.42772 7.28064 4.90278 4.90278 2.52493 2.37784 0 0 0 0 0 0 0 0 0 0 0 0 0 0 0 0 0 0
0.0663 39.2223 39.2223 36.8445 36.6974 34.3195 34.3195 31.9417 31.7946 29.4168 29.4168 27.0389 26.8918 24.514 24.514 22.1361 21.989 19.6112 19.6112 17.2333 17.0862 14.7084 14.7084 12.3305 12.1834 9.80558 9.80558 7.42772 7.28064 4.90278 4.90278 2.52492 2.37784 0 0 0 0 0 0 0 0 0 0 0 0 0 0 0 0 0 0
0.0673 39.2223 39.2223 36.8445 36.6974 34.3196 34.3196 31.9417 31.7946 29.4168 29.4168 27.0389 26.8918 24.514 24.514 22.1361 21.989 19.6112 19.6112 17.2333 17.0862 14.7084 14.7084 12.3305 12.1834 9.80558 9.80558 7.42772 7.28064 4.90279 4.90279 2.52492 2.37784 0 0 0 0 0 0 0 0 0 0 0 0 0 0 0 0 0 0
0.0683 39.2224 39.2224 36.8445 36.6974 34.3196 34.3196 31.9417 31.7946 29.4168 29.4168 27.0389 26.8918 24.514 24.514 22.1361 21.989 19.6112 19.6112 17.2333 17.0862 14.7084 14.7084 12.3305 12.1834 9.80558 9.80558 7.42772 7.28064 4.90279 4.90279 2.52493 2.37784 0 0 0 0 0 0 0 0 0 0 0 0 0 0 0 0 0 0
0.0693 39.2224 39.2224 36.8445 36.6974 34.3196 34.3196 31.9417 31.7946 29.4168 29.4168 27.0389 26.8918 24.514 24.514 22.1361 21.989 19.6112 19.6112 17.2333 17.0862 14.7084 14.7084 12.3305 12.1834 9.80558 9.80558 7.42772 7.28064 4.90279 4.90279 2.52493 2.37784 0 0 0 0 0 0 0 0 0 0 0 0 0 0 0 0 0 0
0.0703 39.2223 39.2223 36.8445 36.6974 34.3196 34.3196 31.9417 31.7946 29.4168 29.4168 27.0389 26.8918 24.514 24.514 22.1361 21.989 19.6112 19.6112 17.2333 17.0862 14.7084 14.7084 12.3305 12.1834 9.80558 9.80558 7.42772 7.28064 4.90278 4.90278 2.52492 2.37784 0 0 0 0 0 0 0 0 0 0 0 0 0 0 0 0 0 0
0.0713 39.2223 39.2223 36.8445 36.6974 34.3195 34.3195 31.9417 31.7946 29.4167 29.4167 27.0389 26.8918 24.514 24.514 22.1361 21.989 19.6112 19.6112 17.2333 17.0862 14.7084 14.7084 12.3305 12.1834 9.80557 9.80557 7.42772 7.28064 4.90278 4.90278 2.52492 2.37784 0 0 0 0 0 0 0 0 0 0 0 0 0 0 0 0 0 0
0.0723 39.2223 39.2223 36.8445 36.6974 34.3195 34.3195 31.9417 31.7946 29.4167 29.4167 27.0389 26.8918 24.514 24.514 22.1361 21.989 19.6112 19.6112 17.2333 17.0862 14.7084 14.7084 12.3305 12.1834 9.80557 9.80557 7.42772 7.28063 4.90278 4.90278 2.52492 2.37784 0 0 0 0 0 0 0 0 0 0 0 0 0 0 0 0 0 0
0.0733 39.2223 39.2223 36.8445 36.6974 34.3195 34.3195 31.9417 31.7946 29.4167 29.4167 27.0389 26.8918 24.5139 24.5139 22.1361 21.989 19.6112 19.6112 17.2333 17.0862 14.7084 14.7084 12.3305 12.1834 9.80557 9.80557 7.42772 7.28063 4.90278 4.90278 2.52492 2.37784 0 0 0 0 0 0 0 0 0 0 0 0 0 0 0 0 0 0
0.0743 39.2223 39.2223 36.8445 36.6974 34.3195 34.3195 31.9417 31.7946 29.4167 29.4167 27.0389 26.8918 24.514 24.514 22.1361 21.989 19.6112 19.6112 17.2333 17.0862 14.7084 14.7084 12.3305 12.1834 9.80557 9.80557 7.42772 7.28063 4.90278 4.90278 2.52492 2.37784 0 0 0 0 0 0 0 0 0 0 0 0 0 0 0 0 0 0
0.0753 39.2223 39.2223 36.8445 36.6974 34.3195 34.3195 31.9417 31.7946 29.4168 29.4168 27.0389 26.8918 24.514 24.514 22.1361 21.989 19.6112 19.6112 17.2333 17.0862 14.7084 14.7084 12.3305 12.1834 9.80558 9.80558 7.42772 7.28064 4.90278 4.90278 2.52492 2.37784 0 0 0 0 0 0 0 0 0 0 0 0 0 0 0 0 0 0
0.0763 39.2223 39.2223 36.8445 36.6974 34.3196 34.3196 31.9417 31.7946 29.4168 29.4168 27.0389 26.8918 24.514 24.514 22.1361 21.989 19.6112 19.6112 17.2333 17.0862 14.7084 14.7084 12.3305 12.1834 9.80558 9.80558 7.42772 7.28064 4.90279 4.90279 2.52493 2.37784 0 0 0 0 0 0 0 0 0 0 0 0 0 0 0 0 0 0
0.0773 39.2224 39.2224 36.8445 36.6974 34.3196 34.3196 31.9417 31.7946 29.4168 29.4168 27.0389 26.8918 24.514 24.514 22.1361 21.989 19.6112 19.6112 17.2333 17.0862 14.7084 14.7084 12.3305 12.1834 9.80558 9.80558 7.42773 7.28064 4.90279 4.90279 2.52493 2.37784 0 0 0 0 0 0 0 0 0 0 0 0 0 0 0 0 0 0
0.0783 39.2224 39.2224 36.8445 36.6974 34.3196 34.3196 31.9417 31.7946 29.4168 29.4168 27.0389 26.8918 24.514 24.514 22.1361 21.989 19.6112 19.6112 17.2333 17.0862 14.7084 14.7084 12.3305 12.1834 9.80558 9.80558 7.42773 7.28064 4.90279 4.90279 2.52493 2.37784 0 0 0 0 0 0 0 0 0 0 0 0 0 0 0 0 0 0
0.0793 39.2223 39.2223 36.8445 36.6974 34.3196 34.3196 31.9417 31.7946 29.4168 29.4168 27.0389 26.8918 24.514 24.514 22.1361 21.989 19.6112 19.6112 17.2333 17.0862 14.7084 14.7084 12.3305 12.1834 9.80558 9.80558 7.42773 7.28064 4.90279 4.90279 2.52493 2.37785 0 0 0 0 0 0 0 0 0 0 0 0 0 0 0 0 0 0
0.0803 39.2223 39.2223 36.8445 36.6974 34.3195 34.3195 31.9417 31.7946 29.4168 29.4168 27.0389 26.8918 24.514 24.514 22.1361 21.989 19.6112 19.6112 17.2333 17.0862 14.7084 14.7084 12.3305 12.1834 9.80558 9.80558 7.42773 7.28064 4.90279 4.90279 2.52493 2.37785 0 0 0 0 0 0 0 0 0 0 0 0 0 0 0 0 0 0
0.0813 39.2223 39.2223 36.8445 36.6974 34.3195 34.3195 31.9417 31.7946 29.4168 29.4168 27.0389 26.8918 24.514 24.514 22.1361 21.989 19.6112 19.6112 17.2333 17.0862 14.7084 14.7084 12.3305 12.1834 9.80558 9.80558 7.42772 7.28064 4.90279 4.90279 2.52493 2.37785 0 0 0 0 0 0 0 0 0 0 0 0 0 0 0 0 0 0
0.0823 39.2223 39.2223 36.8445 36.6974 34.3195 34.3195 31.9417 31.7946 29.4168 29.4168 27.0389 26.8918 24.514 24.514 22.1361 21.989 19.6112 19.6112 17.2333 17.0862 14.7084 14.7084 12.3305 12.1834 9.80558 9.80558 7.42773 7.28064 4.90279 4.90279 2.52493 2.37785 0 0 0 0 0 0 0 0 0 0 0 0 0 0 0 0 0 0
0.0833 39.2223 39.2223 36.8445 36.6974 34.3196 34.3196 31.9417 31.7946 29.4168 29.4168 27.0389 26.8918 24.514 24.514 22.1361 21.989 19.6112 19.6112 17.2333 17.0862 14.7084 14.7084 12.3305 12.1834 9.80558 9.80558 7.42773 7.28064 4.90279 4.90279 2.52493 2.37785 0 0 0 0 0 0 0 0 0 0 0 0 0 0 0 0 0 0
0.0843 39.2224 39.2224 36.8445 36.6974 34.3196 34.3196 31.9417 31.7946 29.4168 29.4168 27.0389 26.8918 24.514 24.514 22.1361 21.989 19.6112 19.6112 17.2333 17.0862 14.7084 14.7084 12.3305 12.1834 9.80559 9.80559 7.42773 7.28065 4.90279 4.90279 2.52493 2.37785 0 0 0 0 0 0 0 0 0 0 0 0 0 0 0 0 0 0
0.0853 39.2224 39.2224 36.8445 36.6974 34.3196 34.3196 31.9417 31.7946 29.4168 29.4168 27.0389 26.8918 24.514 24.514 22.1361 21.989 19.6112 19.6112 17.2333 17.0862 14.7084 14.7084 12.3305 12.1834 9.80559 9.80559 7.42773 7.28065 4.90279 4.90279 2.52494 2.37785 0 0 0 0 0 0 0 0 0 0 0 0 0 0 0 0 0 0
0.0863 39.2224 39.2224 36.8445 36.6974 34.3196 34.3196 31.9417 31.7946 29.4168 29.4168 27.0389 26.8918 24.514 24.514 22.1361 21.989 19.6112 19.6112 17.2333 17.0862 14.7084 14.7084 12.3305 12.1834 9.80559 9.80559 7.42773 7.28065 4.90279 4.90279 2.52494 2.37785 0 0 0 0 0 0 0 0 0 0 0 0 0 0 0 0 0 0
0.0873 39.2224 39.2224 36.8445 36.6974 34.3196 34.3196 31.9417 31.7946 29.4168 29.4168 27.0389 26.8918 24.514 24.514 22.1361 21.989 19.6112 19.6112 17.2333 17.0862 14.7084 14.7084 12.3305 12.1834 9.80559 9.80559 7.42773 7.28065 4.9028 4.9028 2.52494 2.37786 0 0 0 0 0 0 0 0 0 0 0 0 0 0 0 0 0 0
0.0883 39.2224 39.2224 36.8445 36.6974 34.3196 34.3196 31.9417 31.7946 29.4168 29.4168 27.0389 26.8918 24.514 24.514 22.1361 21.989 19.6112 19.6112 17.2333 17.0862 14.7084 14.7084 12.3305 12.1834 9.80559 9.80559 7.42773 7.28065 4.9028 4.9028 2.52494 2.37786 0 0 0 0 0 0 0 0 0 0 0 0 0 0 0 0 0 0
0.0893 39.2224 39.2224 36.8445 36.6974 34.3196 34.3196 31.9417 31.7946 29.4168 29.4168 27.0389 26.8918 24.514 24.514 22.1361 21.989 19.6112 19.6112 17.2333 17.0862 14.7084 14.7084 12.3305 12.1834 9.80559 9.80559 7.42773 7.28065 4.9028 4.9028 2.52494 2.37786 0 0 0 0 0 0 0 0 0 0 0 0 0 0 0 0 0 0
0.0903 39.2224 39.2224 36.8445 36.6974 34.3196 34.3196 31.9417 31.7946 29.4168 29.4168 27.0389 26.8918 24.514 24.514 22.1361 21.989 19.6112 19.6112 17.2333 17.0862 14.7084 14.7084 12.3305 12.1834 9.80559 9.80559 7.42773 7.28065 4.9028 4.9028 2.52494 2.37786 0 0 0 0 0 0 0 0 0 0 0 0 0 0 0 0 0 0
0.0913 39.2224 39.2224 36.8445 36.6974 34.3196 34.3196 31.9417 31.7946 29.4168 29.4168 27.0389 26.8918 24.514 24.514 22.1361 21.989 19.6112 19.6112 17.2333 17.0862 14.7084 14.7084 12.3305 12.1834 9.80559 9.80559 7.42773 7.28065 4.9028 4.9028 2.52494 2.37786 0 0 0 0 0 0 0 0 0 0 0 0 0 0 0 0 0 0
0.0923 39.2224 39.2224 36.8445 36.6974 34.3196 34.3196 31.9417 31.7946 29.4168 29.4168 27.0389 26.8918 24.514 24.514 22.1361 21.989 19.6112 19.6112 17.2333 17.0862 14.7084 14.7084 12.3305 12.1834 9.80559 9.80559 7.42774 7.28065 4.9028 4.9028 2.52494 2.37786 0 0 0 0 0 0 0 0 0 0 0 0 0 0 0 0 0 0
0.0933 39.2224 39.2224 36.8445 36.6974 34.3196 34.3196 31.9417 31.7946 29.4168 29.4168 27.0389 26.8918 24.514 24.514 22.1361 21.989 19.6112 19.6112 17.2333 17.0862 14.7084 14.7084 12.3305 12.1834 9.80559 9.80559 7.42774 7.28065 4.9028 4.9028 2.52495 2.37786 0 0 0 0 0 0 0 0 0 0 0 0 0 0 0 0 0 0
0.0943 39.2224 39.2224 36.8445 36.6974 34.3196 34.3196 31.9417 31.7946 29.4168 29.4168 27.0389 26.8918 24.514 24.514 22.1361 21.989 19.6112 19.6112 17.2333 17.0862 14.7084 14.7084 12.3305 12.1835 9.8056 9.8056 7.42774 7.28066 4.9028 4.9028 2.52495 2.37786 0 0 0 0 0 0 0 0 0 0 0 0 0 0 0 0 0 0
0.0953 39.2224 39.2224 36.8445 36.6974 34.3196 34.3196 31.9417 31.7946 29.4168 29.4168 27.0389 26.8918 24.514 24.514 22.1361 21.989 19.6112 19.6112 17.2333 17.0862 14.7084 14.7084 12.3305 12.1835 9.8056 9.8056 7.42774 7.28066 4.9028 4.9028 2.52495 2.37786 0 0 0 0 0 0 0 0 0 0 0 0 0 0 0 0 0 0
0.0963 39.2224 39.2224 36.8445 36.6974 34.3196 34.3196 31.9417 31.7946 29.4168 29.4168 27.0389 26.8918 24.514 24.514 22.1361 21.989 19.6112 19.6112 17.2333 17.0862 14.7084 14.7084 12.3305 12.1835 9.8056 9.8056 7.42774 7.28066 4.9028 4.9028 2.52495 2.37786 0 0 0 0 0 0 0 0 0 0 0 0 0 0 0 0 0 0
0.0973 39.2224 39.2224 36.8445 36.6974 34.3196 34.3196 31.9417 31.7946 29.4168 29.4168 27.0389 26.8918 24.514 24.514 22.1361 21.989 19.6112 19.6112 17.2333 17.0862 14.7084 14.7084 12.3305 12.1835 9.8056 9.8056 7.42774 7.28066 4.9028 4.9028 2.52495 2.37787 0 0 0 0 0 0 0 0 0 0 0 0 0 0 0 0 0 0
0.0983 39.2224 39.2224 36.8445 36.6974 34.3196 34.3196 31.9417 31.7946 29.4168 29.4168 27.0389 26.8918 24.514 24.514 22.1361 21.989 19.6112 19.6112 17.2333 17.0862 14.7084 14.7084 12.3305 12.1834 9.80559 9.80559 7.42774 7.28066 4.9028 4.9028 2.52495 2.37787 0 0 0 0 0 0 0 0 0 0 0 0 0 0 0 0 0 0
0.0993 39.2224 39.2224 36.8445 36.6974 34.3196 34.3196 31.9417 31.7946 29.4168 29.4168 27.0389 26.8918 24.514 24.514 22.1361 21.989 19.6112 19.6112 17.2333 17.0862 14.7084 14.7084 12.3305 12.1834 9.80559 9.80559 7.42774 7.28066 4.9028 4.9028 2.52495 2.37787 0 0 0 0 0 0 0 0 0 0 0 0 0 0 0 0 0 0
