0.0001 -0.176995 -0.177008 -0.177019 -0.17703 -0.177041 -0.177067 -0.177091 -0.177115 -0.177136 -0.177157 -0.177175 -0.177193 -0.177209 -0.177223 -0.177236 -0.177248 -0.177258 -0.177267 -0.177274 -0.177281 -0.177286 -0.17729 -0.177293 -0.177295 -0.177295
0.0011 -0.177004 -0.177017 -0.177028 -0.177039 -0.17705 -0.177076 -0.177101 -0.177124 -0.177145 -0.177166 -0.177184 -0.177202 -0.177218 -0.177232 -0.177245 -0.177257 -0.177267 -0.177276 -0.177283 -0.17729 -0.177295 -0.177299 -0.177302 -0.177304 -0.177304
0.0021 -0.177013 -0.177026 -0.177037 -0.177048 -0.177059 -0.177085 -0.17711 -0.177133 -0.177154 -0.177175 -0.177194 -0.177211 -0.177227 -0.177241 -0.177254 -0.177266 -0.177276 -0.177285 -0.177292 -0.177299 -0.177304 -0.177308 -0.177311 -0.177313 -0.177314
0.0032 -0.177023 -0.177036 -0.177047 -0.177058 -0.177069 -0.177095 -0.17712 -0.177143 -0.177164 -0.177185 -0.177204 -0.177221 -0.177237 -0.177251 -0.177264 -0.177276 -0.177286 -0.177295 -0.177302 -0.177309 -0.177314 -0.177318 -0.177321 -0.177323 -0.177324
0.0043 -0.177033 -0.177046 -0.177057 -0.177068 -0.177079 -0.177105 -0.17713 -0.177153 -0.177174 -0.177195 -0.177213 -0.177231 -0.177247 -0.177261 -0.177274 -0.177286 -0.177296 -0.177305 -0.177312 -0.177319 -0.177324 -0.177328 -0.177331 -0.177333 -0.177334
0.0053 -0.177043 -0.177055 -0.177066 -0.177077 -0.177088 -0.177114 -0.177139 -0.177162 -0.177183 -0.177204 -0.177223 -0.17724 -0.177256 -0.17727 -0.177283 -0.177295 -0.177305 -0.177314 -0.177321 -0.177328 -0.177333 -0.177337 -0.17734 -0.177342 -0.177343
0.0063 -0.177052 -0.177064 -0.177075 -0.177087 -0.177097 -0.177123 -0.177148 -0.177171 -0.177193 -0.177213 -0.177232 -0.177249 -0.177265 -0.177279 -0.177292 -0.177304 -0.177314 -0.177323 -0.17733 -0.177337 -0.177342 -0.177346 -0.177349 -0.177351 -0.177352
0.0073 -0.177061 -0.177073 -0.177085 -0.177096 -0.177106 -0.177132 -0.177157 -0.17718 -0.177202 -0.177222 -0.177241 -0.177258 -0.177274 -0.177288 -0.177301 -0.177313 -0.177323 -0.177332 -0.17734 -0.177346 -0.177351 -0.177355 -0.177358 -0.17736 -0.177361
0.0083 -0.17707 -0.177082 -0.177094 -0.177105 -0.177115 -0.177141 -0.177166 -0.177189 -0.177211 -0.177231 -0.17725 -0.177267 -0.177283 -0.177297 -0.17731 -0.177322 -0.177332 -0.177341 -0.177349 -0.177355 -0.17736 -0.177364 -0.177367 -0.177369 -0.17737
0.0094 -0.17708 -0.177092 -0.177104 -0.177115 -0.177125 -0.177151 -0.177176 -0.177199 -0.177221 -0.177241 -0.17726 -0.177277 -0.177293 -0.177307 -0.17732 -0.177332 -0.177342 -0.177351 -0.177358 -0.177365 -0.17737 -0.177374 -0.177377 -0.177379 -0.17738
0.0105 -0.17709 -0.177102 -0.177114 -0.177125 -0.177135 -0.177161 -0.177186 -0.177209 -0.17723 -0.177251 -0.17727 -0.177287 -0.177303 -0.177317 -0.17733 -0.177342 -0.177352 -0.177361 -0.177368 -0.177375 -0.17738 -0.177384 -0.177387 -0.177389 -0.17739
0.0116 -0.1771 -0.177112 -0.177123 -0.177135 -0.177145 -0.177171 -0.177196 -0.177219 -0.17724 -0.177261 -0.177279 -0.177297 -0.177313 -0.177327 -0.17734 -0.177352 -0.177362 -0.177371 -0.177378 -0.177385 -0.17739 -0.177394 -0.177397 -0.177399 -0.177399
0.0127 -0.17711 -0.177122 -0.177133 -0.177144 -0.177155 -0.177181 -0.177205 -0.177229 -0.17725 -0.177271 -0.177289 -0.177307 -0.177323 -0.177337 -0.17735 -0.177362 -0.177372 -0.177381 -0.177388 -0.177395 -0.1774 -0.177404 -0.177407 -0.177409 -0.177409
0.0138 -0.17712 -0.177132 -0.177143 -0.177154 -0.177165 -0.177191 -0.177215 -0.177238 -0.17726 -0.17728 -0.177299 -0.177317 -0.177333 -0.177347 -0.17736 -0.177372 -0.177382 -0.17739 -0.177398 -0.177405 -0.17741 -0.177414 -0.177417 -0.177419 -0.177419
0.0149 -0.17713 -0.177142 -0.177153 -0.177164 -0.177175 -0.177201 -0.177225 -0.177248 -0.17727 -0.17729 -0.177309 -0.177326 -0.177342 -0.177357 -0.17737 -0.177381 -0.177392 -0.1774 -0.177408 -0.177414 -0.17742 -0.177424 -0.177427 -0.177429 -0.177429
0.016 -0.17714 -0.177152 -0.177163 -0.177174 -0.177185 -0.177211 -0.177235 -0.177258 -0.17728 -0.1773 -0.177319 -0.177336 -0.177352 -0.177367 -0.17738 -0.177391 -0.177401 -0.17741 -0.177418 -0.177424 -0.17743 -0.177434 -0.177437 -0.177438 -0.177439
0.0171 -0.17715 -0.177162 -0.177173 -0.177184 -0.177195 -0.177221 -0.177245 -0.177268 -0.17729 -0.17731 -0.177329 -0.177346 -0.177362 -0.177377 -0.17739 -0.177401 -0.177411 -0.17742 -0.177428 -0.177434 -0.17744 -0.177444 -0.177447 -0.177448 -0.177449
0.0182 -0.17716 -0.177172 -0.177183 -0.177194 -0.177205 -0.177231 -0.177255 -0.177278 -0.1773 -0.17732 -0.177339 -0.177356 -0.177372 -0.177386 -0.177399 -0.177411 -0.177421 -0.17743 -0.177438 -0.177444 -0.177449 -0.177453 -0.177456 -0.177458 -0.177459
0.0193 -0.17717 -0.177182 -0.177193 -0.177204 -0.177215 -0.177241 -0.177265 -0.177288 -0.17731 -0.17733 -0.177349 -0.177366 -0.177382 -0.177396 -0.177409 -0.177421 -0.177431 -0.17744 -0.177447 -0.177454 -0.177459 -0.177463 -0.177466 -0.177468 -0.177469
0.0204 -0.17718 -0.177192 -0.177203 -0.177214 -0.177225 -0.177251 -0.177275 -0.177298 -0.177319 -0.17734 -0.177358 -0.177376 -0.177392 -0.177406 -0.177419 -0.177431 -0.177441 -0.17745 -0.177457 -0.177464 -0.177469 -0.177473 -0.177476 -0.177478 -0.177478
0.0215 -0.17719 -0.177202 -0.177213 -0.177224 -0.177235 -0.17726 -0.177285 -0.177308 -0.177329 -0.17735 -0.177368 -0.177386 -0.177402 -0.177416 -0.177429 -0.177441 -0.177451 -0.17746 -0.177467 -0.177474 -0.177479 -0.177483 -0.177486 -0.177488 -0.177488
0.0226 -0.1772 -0.177212 -0.177223 -0.177234 -0.177245 -0.17727 -0.177295 -0.177318 -0.177339 -0.177359 -0.177378 -0.177395 -0.177411 -0.177426 -0.177439 -0.17745 -0.177461 -0.177469 -0.177477 -0.177483 -0.177489 -0.177493 -0.177496 -0.177498 -0.177498
0.0237 -0.17721 -0.177222 -0.177233 -0.177244 -0.177255 -0.17728 -0.177305 -0.177328 -0.177349 -0.177369 -0.177388 -0.177405 -0.177421 -0.177436 -0.177449 -0.17746 -0.17747 -0.177479 -0.177487 -0.177493 -0.177499 -0.177503 -0.177506 -0.177507 -0.177508
0.0248 -0.17722 -0.177232 -0.177243 -0.177254 -0.177265 -0.17729 -0.177315 -0.177337 -0.177359 -0.177379 -0.177398 -0.177415 -0.177431 -0.177445 -0.177458 -0.17747 -0.17748 -0.177489 -0.177497 -0.177503 -0.177508 -0.177512 -0.177515 -0.177517 -0.177518
0.0259 -0.17723 -0.177242 -0.177253 -0.177264 -0.177275 -0.1773 -0.177325 -0.177347 -0.177369 -0.177389 -0.177408 -0.177425 -0.177441 -0.177455 -0.177468 -0.17748 -0.17749 -0.177499 -0.177506 -0.177513 -0.177518 -0.177522 -0.177525 -0.177527 -0.177528
0.027 -0.17724 -0.177252 -0.177263 -0.177274 -0.177285 -0.17731 -0.177334 -0.177357 -0.177379 -0.177399 -0.177417 -0.177435 -0.177451 -0.177465 -0.177478 -0.17749 -0.1775 -0.177509 -0.177516 -0.177523 -0.177528 -0.177532 -0.177535 -0.177537 -0.177537
0.0281 -0.17725 -0.177262 -0.177273 -0.177284 -0.177295 -0.17732 -0.177344 -0.177367 -0.177389 -0.177409 -0.177427 -0.177445 -0.17746 -0.177475 -0.177488 -0.177499 -0.17751 -0.177518 -0.177526 -0.177532 -0.177538 -0.177542 -0.177545 -0.177547 -0.177547
0.0292 -0.17726 -0.177272 -0.177283 -0.177294 -0.177305 -0.17733 -0.177354 -0.177377 -0.177398 -0.177418 -0.177437 -0.177454 -0.17747 -0.177485 -0.177498 -0.177509 -0.177519 -0.177528 -0.177536 -0.177542 -0.177548 -0.177552 -0.177555 -0.177556 -0.177557
0.0303 -0.17727 -0.177282 -0.177293 -0.177304 -0.177315 -0.17734 -0.177364 -0.177387 -0.177408 -0.177428 -0.177447 -0.177464 -0.17748 -0.177494 -0.177507 -0.177519 -0.177529 -0.177538 -0.177546 -0.177552 -0.177557 -0.177561 -0.177564 -0.177566 -0.177567
0.0313 -0.177279 -0.177291 -0.177302 -0.177313 -0.177324 -0.177349 -0.177373 -0.177396 -0.177417 -0.177437 -0.177456 -0.177473 -0.177489 -0.177503 -0.177516 -0.177528 -0.177538 -0.177547 -0.177554 -0.177561 -0.177566 -0.17757 -0.177573 -0.177575 -0.177576
0.0323 -0.177288 -0.1773 -0.177312 -0.177322 -0.177333 -0.177358 -0.177382 -0.177405 -0.177426 -0.177446 -0.177465 -0.177482 -0.177498 -0.177512 -0.177525 -0.177537 -0.177547 -0.177556 -0.177563 -0.17757 -0.177575 -0.177579 -0.177582 -0.177584 -0.177584
0.0333 -0.177297 -0.177309 -0.177321 -0.177332 -0.177342 -0.177367 -0.177391 -0.177414 -0.177435 -0.177455 -0.177474 -0.177491 -0.177507 -0.177521 -0.177534 -0.177546 -0.177556 -0.177565 -0.177572 -0.177579 -0.177584 -0.177588 -0.177591 -0.177593 -0.177593
0.0343 -0.177306 -0.177318 -0.17733 -0.177341 -0.177351 -0.177376 -0.1774 -0.177423 -0.177444 -0.177464 -0.177483 -0.1775 -0.177516 -0.17753 -0.177543 -0.177554 -0.177565 -0.177573 -0.177581 -0.177587 -0.177593 -0.177597 -0.1776 -0.177602 -0.177602
0.0353 -0.177315 -0.177327 -0.177339 -0.17735 -0.17736 -0.177386 -0.17741 -0.177432 -0.177453 -0.177473 -0.177492 -0.177509 -0.177524 -0.177539 -0.177552 -0.177563 -0.177573 -0.177582 -0.17759 -0.177596 -0.177602 -0.177606 -0.177609 -0.17761 -0.177611
0.0363 -0.177325 -0.177337 -0.177348 -0.177359 -0.177369 -0.177395 -0.177419 -0.177441 -0.177462 -0.177482 -0.177501 -0.177518 -0.177533 -0.177548 -0.177561 -0.177572 -0.177582 -0.177591 -0.177599 -0.177605 -0.17761 -0.177615 -0.177618 -0.177619 -0.17762
0.0373 -0.177334 -0.177346 -0.177357 -0.177368 -0.177378 -0.177404 -0.177428 -0.17745 -0.177471 -0.177491 -0.17751 -0.177527 -0.177542 -0.177557 -0.177569 -0.177581 -0.177591 -0.1776 -0.177608 -0.177614 -0.177619 -0.177623 -0.177626 -0.177628 -0.177629
0.0383 -0.177343 -0.177355 -0.177366 -0.177377 -0.177387 -0.177413 -0.177437 -0.177459 -0.17748 -0.1775 -0.177519 -0.177536 -0.177551 -0.177565 -0.177578 -0.17759 -0.1776 -0.177609 -0.177616 -0.177623 -0.177628 -0.177632 -0.177635 -0.177637 -0.177638
0.0393 -0.177352 -0.177364 -0.177375 -0.177386 -0.177397 -0.177422 -0.177446 -0.177468 -0.177489 -0.177509 -0.177527 -0.177544 -0.17756 -0.177574 -0.177587 -0.177599 -0.177609 -0.177618 -0.177625 -0.177632 -0.177637 -0.177641 -0.177644 -0.177646 -0.177646
0.0403 -0.177361 -0.177373 -0.177384 -0.177395 -0.177406 -0.177431 -0.177455 -0.177477 -0.177498 -0.177518 -0.177536 -0.177553 -0.177569 -0.177583 -0.177596 -0.177608 -0.177618 -0.177626 -0.177634 -0.17764 -0.177646 -0.17765 -0.177653 -0.177655 -0.177655
0.0413 -0.17737 -0.177382 -0.177394 -0.177404 -0.177415 -0.17744 -0.177464 -0.177486 -0.177507 -0.177527 -0.177545 -0.177562 -0.177578 -0.177592 -0.177605 -0.177616 -0.177626 -0.177635 -0.177643 -0.177649 -0.177655 -0.177659 -0.177662 -0.177663 -0.177664
0.0423 -0.177379 -0.177391 -0.177403 -0.177414 -0.177424 -0.177449 -0.177473 -0.177495 -0.177516 -0.177536 -0.177554 -0.177571 -0.177587 -0.177601 -0.177614 -0.177625 -0.177635 -0.177644 -0.177652 -0.177658 -0.177663 -0.177667 -0.17767 -0.177672 -0.177673
0.0433 -0.177388 -0.1774 -0.177412 -0.177423 -0.177433 -0.177458 -0.177482 -0.177504 -0.177525 -0.177545 -0.177563 -0.17758 -0.177596 -0.17761 -0.177623 -0.177634 -0.177644 -0.177653 -0.17766 -0.177667 -0.177672 -0.177676 -0.177679 -0.177681 -0.177682
0.0443 -0.177398 -0.17741 -0.177421 -0.177432 -0.177442 -0.177467 -0.177491 -0.177513 -0.177534 -0.177554 -0.177572 -0.177589 -0.177605 -0.177619 -0.177631 -0.177643 -0.177653 -0.177662 -0.177669 -0.177676 -0.177681 -0.177685 -0.177688 -0.17769 -0.17769
0.0453 -0.177407 -0.177419 -0.17743 -0.177441 -0.177451 -0.177476 -0.1775 -0.177523 -0.177543 -0.177563 -0.177581 -0.177598 -0.177614 -0.177628 -0.17764 -0.177652 -0.177662 -0.17767 -0.177678 -0.177684 -0.17769 -0.177694 -0.177697 -0.177699 -0.177699
0.0463 -0.177416 -0.177428 -0.177439 -0.17745 -0.17746 -0.177485 -0.177509 -0.177532 -0.177553 -0.177572 -0.17759 -0.177607 -0.177622 -0.177637 -0.177649 -0.177661 -0.17767 -0.177679 -0.177687 -0.177693 -0.177698 -0.177703 -0.177706 -0.177707 -0.177708
0.0473 -0.177425 -0.177437 -0.177448 -0.177459 -0.177469 -0.177495 -0.177518 -0.177541 -0.177562 -0.177581 -0.177599 -0.177616 -0.177631 -0.177645 -0.177658 -0.177669 -0.177679 -0.177688 -0.177696 -0.177702 -0.177707 -0.177711 -0.177714 -0.177716 -0.177717
0.0483 -0.177434 -0.177446 -0.177457 -0.177468 -0.177479 -0.177504 -0.177527 -0.17755 -0.177571 -0.17759 -0.177608 -0.177625 -0.17764 -0.177654 -0.177667 -0.177678 -0.177688 -0.177697 -0.177704 -0.177711 -0.177716 -0.17772 -0.177723 -0.177725 -0.177725
0.0493 -0.177443 -0.177455 -0.177467 -0.177477 -0.177488 -0.177513 -0.177536 -0.177559 -0.17758 -0.177599 -0.177617 -0.177634 -0.177649 -0.177663 -0.177676 -0.177687 -0.177697 -0.177706 -0.177713 -0.17772 -0.177725 -0.177729 -0.177732 -0.177734 -0.177734
0.0503 -0.177453 -0.177464 -0.177476 -0.177487 -0.177497 -0.177522 -0.177546 -0.177568 -0.177589 -0.177608 -0.177626 -0.177643 -0.177658 -0.177672 -0.177685 -0.177696 -0.177706 -0.177714 -0.177722 -0.177728 -0.177734 -0.177738 -0.177741 -0.177742 -0.177743
0.0513 -0.177462 -0.177474 -0.177485 -0.177496 -0.177506 -0.177531 -0.177555 -0.177577 -0.177598 -0.177617 -0.177635 -0.177652 -0.177667 -0.177681 -0.177694 -0.177705 -0.177715 -0.177723 -0.177731 -0.177737 -0.177742 -0.177746 -0.177749 -0.177751 -0.177752
0.0523 -0.177471 -0.177483 -0.177494 -0.177505 -0.177515 -0.17754 -0.177564 -0.177586 -0.177607 -0.177626 -0.177644 -0.177661 -0.177676 -0.17769 -0.177702 -0.177714 -0.177723 -0.177732 -0.177739 -0.177746 -0.177751 -0.177755 -0.177758 -0.17776 -0.17776
0.0533 -0.17748 -0.177492 -0.177503 -0.177514 -0.177524 -0.177549 -0.177573 -0.177595 -0.177616 -0.177635 -0.177653 -0.17767 -0.177685 -0.177699 -0.177711 -0.177722 -0.177732 -0.177741 -0.177748 -0.177755 -0.17776 -0.177764 -0.177767 -0.177768 -0.177769
0.0543 -0.177489 -0.177501 -0.177512 -0.177523 -0.177533 -0.177558 -0.177582 -0.177604 -0.177625 -0.177644 -0.177662 -0.177679 -0.177694 -0.177708 -0.17772 -0.177731 -0.177741 -0.17775 -0.177757 -0.177763 -0.177768 -0.177773 -0.177775 -0.177777 -0.177778
0.0553 -0.177498 -0.17751 -0.177522 -0.177532 -0.177543 -0.177567 -0.177591 -0.177613 -0.177634 -0.177653 -0.177671 -0.177688 -0.177703 -0.177717 -0.177729 -0.17774 -0.17775 -0.177758 -0.177766 -0.177772 -0.177777 -0.177781 -0.177784 -0.177786 -0.177786
0.0563 -0.177508 -0.177519 -0.177531 -0.177541 -0.177552 -0.177577 -0.1776 -0.177622 -0.177643 -0.177662 -0.17768 -0.177697 -0.177712 -0.177726 -0.177738 -0.177749 -0.177759 -0.177767 -0.177775 -0.177781 -0.177786 -0.17779 -0.177793 -0.177795 -0.177795
0.0573 -0.177517 -0.177529 -0.17754 -0.177551 -0.177561 -0.177586 -0.177609 -0.177631 -0.177652 -0.177671 -0.177689 -0.177706 -0.177721 -0.177735 -0.177747 -0.177758 -0.177768 -0.177776 -0.177783 -0.17779 -0.177795 -0.177799 -0.177802 -0.177803 -0.177804
0.0583 -0.177526 -0.177538 -0.177549 -0.17756 -0.17757 -0.177595 -0.177618 -0.17764 -0.177661 -0.17768 -0.177698 -0.177715 -0.17773 -0.177743 -0.177756 -0.177767 -0.177776 -0.177785 -0.177792 -0.177798 -0.177803 -0.177807 -0.17781 -0.177812 -0.177813
0.0593 -0.177535 -0.177547 -0.177558 -0.177569 -0.177579 -0.177604 -0.177627 -0.177649 -0.17767 -0.177689 -0.177707 -0.177724 -0.177739 -0.177752 -0.177765 -0.177776 -0.177785 -0.177794 -0.177801 -0.177807 -0.177812 -0.177816 -0.177819 -0.177821 -0.177821
0.0603 -0.177544 -0.177556 -0.177567 -0.177578 -0.177588 -0.177613 -0.177637 -0.177659 -0.177679 -0.177698 -0.177716 -0.177733 -0.177748 -0.177761 -0.177774 -0.177785 -0.177794 -0.177803 -0.17781 -0.177816 -0.177821 -0.177825 -0.177828 -0.177829 -0.17783
0.0613 -0.177553 -0.177565 -0.177576 -0.177587 -0.177597 -0.177622 -0.177646 -0.177668 -0.177688 -0.177707 -0.177725 -0.177742 -0.177757 -0.17777 -0.177783 -0.177793 -0.177803 -0.177811 -0.177819 -0.177825 -0.17783 -0.177834 -0.177836 -0.177838 -0.177839
0.0623 -0.177563 -0.177574 -0.177586 -0.177596 -0.177607 -0.177631 -0.177655 -0.177677 -0.177697 -0.177716 -0.177734 -0.177751 -0.177766 -0.177779 -0.177791 -0.177802 -0.177812 -0.17782 -0.177827 -0.177833 -0.177838 -0.177842 -0.177845 -0.177847 -0.177847
0.0633 -0.177572 -0.177584 -0.177595 -0.177606 -0.177616 -0.177641 -0.177664 -0.177686 -0.177706 -0.177725 -0.177743 -0.17776 -0.177775 -0.177788 -0.1778 -0.177811 -0.177821 -0.177829 -0.177836 -0.177842 -0.177847 -0.177851 -0.177854 -0.177855 -0.177856
0.0643 -0.177581 -0.177593 -0.177604 -0.177615 -0.177625 -0.17765 -0.177673 -0.177695 -0.177715 -0.177735 -0.177752 -0.177769 -0.177784 -0.177797 -0.177809 -0.17782 -0.17783 -0.177838 -0.177845 -0.177851 -0.177856 -0.17786 -0.177862 -0.177864 -0.177865
0.0653 -0.17759 -0.177602 -0.177613 -0.177624 -0.177634 -0.177659 -0.177682 -0.177704 -0.177724 -0.177744 -0.177761 -0.177778 -0.177793 -0.177806 -0.177818 -0.177829 -0.177839 -0.177847 -0.177854 -0.17786 -0.177865 -0.177868 -0.177871 -0.177873 -0.177873
0.0663 -0.177599 -0.177611 -0.177622 -0.177633 -0.177643 -0.177668 -0.177691 -0.177713 -0.177734 -0.177753 -0.17777 -0.177787 -0.177802 -0.177815 -0.177827 -0.177838 -0.177847 -0.177856 -0.177863 -0.177869 -0.177873 -0.177877 -0.17788 -0.177881 -0.177882
0.0673 -0.177608 -0.17762 -0.177632 -0.177642 -0.177652 -0.177677 -0.1777 -0.177722 -0.177743 -0.177762 -0.177779 -0.177796 -0.17781 -0.177824 -0.177836 -0.177847 -0.177856 -0.177864 -0.177871 -0.177877 -0.177882 -0.177886 -0.177889 -0.17789 -0.177891
0.0683 -0.177618 -0.177629 -0.177641 -0.177651 -0.177662 -0.177686 -0.177709 -0.177731 -0.177752 -0.177771 -0.177788 -0.177805 -0.177819 -0.177833 -0.177845 -0.177856 -0.177865 -0.177873 -0.17788 -0.177886 -0.177891 -0.177895 -0.177897 -0.177899 -0.177899
0.0693 -0.177627 -0.177639 -0.17765 -0.177661 -0.177671 -0.177695 -0.177719 -0.17774 -0.177761 -0.17778 -0.177797 -0.177814 -0.177828 -0.177842 -0.177854 -0.177865 -0.177874 -0.177882 -0.177889 -0.177895 -0.1779 -0.177903 -0.177906 -0.177907 -0.177908
0.0703 -0.177636 -0.177648 -0.177659 -0.17767 -0.17768 -0.177705 -0.177728 -0.177749 -0.17777 -0.177789 -0.177806 -0.177823 -0.177837 -0.177851 -0.177863 -0.177874 -0.177883 -0.177891 -0.177898 -0.177904 -0.177909 -0.177912 -0.177915 -0.177916 -0.177917
0.0713 -0.177645 -0.177657 -0.177668 -0.177679 -0.177689 -0.177714 -0.177737 -0.177759 -0.177779 -0.177798 -0.177815 -0.177832 -0.177846 -0.17786 -0.177872 -0.177883 -0.177892 -0.1779 -0.177907 -0.177913 -0.177917 -0.177921 -0.177923 -0.177925 -0.177925
0.0723 -0.177654 -0.177666 -0.177677 -0.177688 -0.177698 -0.177723 -0.177746 -0.177768 -0.177788 -0.177807 -0.177825 -0.177841 -0.177855 -0.177869 -0.177881 -0.177891 -0.177901 -0.177909 -0.177916 -0.177921 -0.177926 -0.17793 -0.177932 -0.177933 -0.177934
0.0733 -0.177664 -0.177675 -0.177687 -0.177697 -0.177707 -0.177732 -0.177755 -0.177777 -0.177797 -0.177816 -0.177834 -0.17785 -0.177864 -0.177878 -0.17789 -0.1779 -0.17791 -0.177918 -0.177925 -0.17793 -0.177935 -0.177938 -0.177941 -0.177942 -0.177943
0.0743 -0.177673 -0.177685 -0.177696 -0.177707 -0.177717 -0.177741 -0.177764 -0.177786 -0.177806 -0.177825 -0.177843 -0.177859 -0.177873 -0.177887 -0.177899 -0.177909 -0.177919 -0.177927 -0.177933 -0.177939 -0.177944 -0.177947 -0.17795 -0.177951 -0.177951
0.0753 -0.177682 -0.177694 -0.177705 -0.177716 -0.177726 -0.17775 -0.177773 -0.177795 -0.177815 -0.177834 -0.177852 -0.177868 -0.177882 -0.177896 -0.177908 -0.177918 -0.177927 -0.177935 -0.177942 -0.177948 -0.177952 -0.177956 -0.177958 -0.17796 -0.17796
0.0763 -0.177691 -0.177703 -0.177714 -0.177725 -0.177735 -0.17776 -0.177783 -0.177804 -0.177824 -0.177843 -0.177861 -0.177877 -0.177892 -0.177905 -0.177917 -0.177927 -0.177936 -0.177944 -0.177951 -0.177957 -0.177961 -0.177965 -0.177967 -0.177968 -0.177969
0.0773 -0.177701 -0.177712 -0.177723 -0.177734 -0.177744 -0.177769 -0.177792 -0.177813 -0.177834 -0.177852 -0.17787 -0.177886 -0.177901 -0.177914 -0.177926 -0.177936 -0.177945 -0.177953 -0.17796 -0.177966 -0.17797 -0.177974 -0.177976 -0.177977 -0.177977
0.0783 -0.17771 -0.177721 -0.177733 -0.177743 -0.177753 -0.177778 -0.177801 -0.177822 -0.177843 -0.177861 -0.177879 -0.177895 -0.17791 -0.177923 -0.177935 -0.177945 -0.177954 -0.177962 -0.177969 -0.177974 -0.177979 -0.177982 -0.177985 -0.177986 -0.177986
0.0793 -0.177719 -0.177731 -0.177742 -0.177753 -0.177763 -0.177787 -0.17781 -0.177832 -0.177852 -0.177871 -0.177888 -0.177904 -0.177919 -0.177932 -0.177944 -0.177954 -0.177963 -0.177971 -0.177978 -0.177983 -0.177988 -0.177991 -0.177993 -0.177995 -0.177995
0.0803 -0.177728 -0.17774 -0.177751 -0.177762 -0.177772 -0.177796 -0.177819 -0.177841 -0.177861 -0.17788 -0.177897 -0.177913 -0.177928 -0.177941 -0.177953 -0.177963 -0.177972 -0.17798 -0.177987 -0.177992 -0.177997 -0.178 -0.178002 -0.178003 -0.178004
0.0813 -0.177737 -0.177749 -0.17776 -0.177771 -0.177781 -0.177805 -0.177828 -0.17785 -0.17787 -0.177889 -0.177906 -0.177922 -0.177937 -0.17795 -0.177962 -0.177972 -0.177981 -0.177989 -0.177996 -0.178001 -0.178005 -0.178009 -0.178011 -0.178012 -0.178012
0.0823 -0.177747 -0.177758 -0.17777 -0.17778 -0.17779 -0.177815 -0.177838 -0.177859 -0.177879 -0.177898 -0.177915 -0.177931 -0.177946 -0.177959 -0.177971 -0.177981 -0.17799 -0.177998 -0.178004 -0.17801 -0.178014 -0.178018 -0.17802 -0.178021 -0.178021
0.0833 -0.177756 -0.177768 -0.177779 -0.177789 -0.177799 -0.177824 -0.177847 -0.177868 -0.177888 -0.177907 -0.177924 -0.17794 -0.177955 -0.177968 -0.17798 -0.17799 -0.177999 -0.178007 -0.178013 -0.178019 -0.178023 -0.178026 -0.178029 -0.17803 -0.17803
0.0843 -0.177765 -0.177777 -0.177788 -0.177799 -0.177809 -0.177833 -0.177856 -0.177877 -0.177897 -0.177916 -0.177933 -0.177949 -0.177964 -0.177977 -0.177989 -0.177999 -0.178008 -0.178016 -0.178022 -0.178028 -0.178032 -0.178035 -0.178037 -0.178039 -0.178039
0.0853 -0.177774 -0.177786 -0.177797 -0.177808 -0.177818 -0.177842 -0.177865 -0.177887 -0.177907 -0.177925 -0.177942 -0.177958 -0.177973 -0.177986 -0.177998 -0.178008 -0.178017 -0.178025 -0.178031 -0.178037 -0.178041 -0.178044 -0.178046 -0.178047 -0.178048
0.0863 -0.177784 -0.177795 -0.177806 -0.177817 -0.177827 -0.177851 -0.177874 -0.177896 -0.177916 -0.177934 -0.177952 -0.177967 -0.177982 -0.177995 -0.178007 -0.178017 -0.178026 -0.178034 -0.17804 -0.178046 -0.17805 -0.178053 -0.178055 -0.178056 -0.178056
0.0873 -0.177793 -0.177805 -0.177816 -0.177826 -0.177836 -0.177861 -0.177883 -0.177905 -0.177925 -0.177943 -0.177961 -0.177977 -0.177991 -0.178004 -0.178016 -0.178026 -0.178035 -0.178043 -0.178049 -0.178054 -0.178059 -0.178062 -0.178064 -0.178065 -0.178065
0.0883 -0.177802 -0.177814 -0.177825 -0.177836 -0.177846 -0.17787 -0.177893 -0.177914 -0.177934 -0.177953 -0.17797 -0.177986 -0.178 -0.178013 -0.178025 -0.178035 -0.178044 -0.178051 -0.178058 -0.178063 -0.178068 -0.178071 -0.178073 -0.178074 -0.178074
0.0893 -0.177811 -0.177823 -0.177834 -0.177845 -0.177855 -0.177879 -0.177902 -0.177923 -0.177943 -0.177962 -0.177979 -0.177995 -0.178009 -0.178022 -0.178034 -0.178044 -0.178053 -0.17806 -0.178067 -0.178072 -0.178077 -0.17808 -0.178082 -0.178083 -0.178083
0.0903 -0.177821 -0.177832 -0.177843 -0.177854 -0.177864 -0.177888 -0.177911 -0.177932 -0.177952 -0.177971 -0.177988 -0.178004 -0.178018 -0.178031 -0.178043 -0.178053 -0.178062 -0.178069 -0.178076 -0.178081 -0.178085 -0.178089 -0.178091 -0.178092 -0.178092
0.0913 -0.17783 -0.177841 -0.177853 -0.177863 -0.177873 -0.177897 -0.17792 -0.177942 -0.177961 -0.17798 -0.177997 -0.178013 -0.178027 -0.17804 -0.178052 -0.178062 -0.178071 -0.178078 -0.178085 -0.17809 -0.178094 -0.178098 -0.1781 -0.178101 -0.178101
0.0923 -0.177839 -0.177851 -0.177862 -0.177872 -0.177883 -0.177907 -0.177929 -0.177951 -0.177971 -0.177989 -0.178006 -0.178022 -0.178036 -0.178049 -0.178061 -0.178071 -0.17808 -0.178087 -0.178094 -0.178099 -0.178103 -0.178106 -0.178109 -0.17811 -0.17811
0.0933 -0.177848 -0.17786 -0.177871 -0.177882 -0.177892 -0.177916 -0.177939 -0.17796 -0.17798 -0.177998 -0.178015 -0.178031 -0.178045 -0.178058 -0.17807 -0.17808 -0.178089 -0.178096 -0.178103 -0.178108 -0.178112 -0.178115 -0.178118 -0.178119 -0.178119
0.0943 -0.177858 -0.177869 -0.17788 -0.177891 -0.177901 -0.177925 -0.177948 -0.177969 -0.177989 -0.178007 -0.178024 -0.17804 -0.178054 -0.178067 -0.178079 -0.178089 -0.178098 -0.178105 -0.178112 -0.178117 -0.178121 -0.178124 -0.178127 -0.178128 -0.178128
0.0953 -0.177867 -0.177879 -0.17789 -0.1779 -0.17791 -0.177934 -0.177957 -0.177978 -0.177998 -0.178017 -0.178034 -0.178049 -0.178064 -0.178076 -0.178088 -0.178098 -0.178107 -0.178114 -0.178121 -0.178126 -0.17813 -0.178133 -0.178135 -0.178137 -0.178137
0.0963 -0.177876 -0.177888 -0.177899 -0.177909 -0.177919 -0.177944 -0.177966 -0.177987 -0.178007 -0.178026 -0.178043 -0.178058 -0.178073 -0.178086 -0.178097 -0.178107 -0.178116 -0.178123 -0.17813 -0.178135 -0.178139 -0.178142 -0.178145 -0.178146 -0.178146
0.0973 -0.177885 -0.177897 -0.177908 -0.177919 -0.177929 -0.177953 -0.177975 -0.177997 -0.178016 -0.178035 -0.178052 -0.178068 -0.178082 -0.178095 -0.178106 -0.178116 -0.178125 -0.178132 -0.178139 -0.178144 -0.178148 -0.178151 -0.178154 -0.178155 -0.178155
0.0983 -0.177895 -0.177906 -0.177917 -0.177928 -0.177938 -0.177962 -0.177985 -0.178006 -0.178026 -0.178044 -0.178061 -0.178077 -0.178091 -0.178104 -0.178115 -0.178125 -0.178134 -0.178141 -0.178148 -0.178153 -0.178157 -0.17816 -0.178163 -0.178164 -0.178164
0.0993 -0.177904 -0.177916 -0.177927 -0.177937 -0.177947 -0.177971 -0.177994 -0.178015 -0.178035 -0.178053 -0.17807 -0.178086 -0.1781 -0.178113 -0.178124 -0.178134 -0.178143 -0.178151 -0.178157 -0.178162 -0.178166 -0.178169 -0.178172 -0.178173 -0.178173
