{
    "kurtosis": [
        2.869990706376681,
        1.589821927543958,
        1.794363632889316
    ],
    "mean": [
        0.5455587899999998,
        250.36055500000006,
        0.32403506499999984
    ],
    "rvNames": [
        "Dr",
        "G0",
        "hpo"
    ],
    "skewness": [
        0.8450913984361705,
        -0.13391767539268962,
        0.2608395796275571
    ],
    "standardDeviation": [
        0.07730880969880405,
        89.14487906754361,
        0.22359065454099689
    ]
}
