eval_id	interface	Dr	G0	hpo	nCycles.CovMultiplier	nCycles_1	nCycles_2	nCycles_3	nCycles_4	nCycles_5	nCycles_6	
1	1	0.4922148091948947	282.27889716802326	0.45226500894547655	1.0554601116863391	27.5	27.5	11.25	6.25	3.5	2.25	
2	1	0.5219972419857332	345.371616615653	0.31227936276641893	1.5361845123779527	23.5	23.5	10.25	5.5	3.5	2.25	
3	1	0.5523819925103953	210.35937862232788	0.2221974275734428	0.9748613678679078	25.5	25.5	10.5	5.5	3.5	2.25	
4	1	0.4997582201693203	196.64465619782231	0.3975292299701862	0.5953509064541567	21.5	21.5	8.5	4.5	2.5	1.5	
5	1	0.49309393859980255	290.30633543645786	0.45131874569375374	1.4198775872071767	24.5	24.5	10.25	5.5	3.5	2.25	
6	1	0.4898849075044225	120.47677887764895	0.4393030810437392	2.97523771185456	22.5	22.5	9.25	4.5	2.5	1.5	
7	1	0.5123104434340106	284.2081653860175	0.3197864103511263	1.331308711345542	21.25	21.25	8.5	4.5	3.25	1.5	
8	1	0.6255878255381105	141.45384432107778	0.0763200830517406	0.44326599200270195	24.25	24.25	10.25	5.25	3.25	1.5	
9	1	0.6155194108944585	287.6815386114674	0.09170355505281677	0.9864775355012576	27.5	27.5	11.25	6.5	4.25	2.5	
10	1	0.49042111044215536	346.96216481594735	0.45497430272653455	0.4582936327930167	23.5	23.5	10.25	5.5	3.5	2.25	
11	1	0.6226486482251989	134.54321176270875	0.0787662624461743	0.33674003233859745	21.25	21.25	8.5	4.5	2.5	1.5	
12	1	0.618394707574088	136.086323985119	0.07054523993691295	0.47673450194597494	23.25	23.25	9.25	5.25	3.25	1.5	
13	1	0.45842978716677457	385.50245869140895	0.677821169128381	0.7944996972334774	25.25	25.25	10.5	5.5	3.5	2.25	
14	1	0.4602279144105479	364.0495393248994	0.684361684740651	0.6351119164865006	24.25	24.25	10.25	5.5	3.25	2.25	
15	1	0.4884132350814083	354.5513577428414	0.4556208074376225	0.46724955457850115	26.5	26.5	10.5	6.25	3.5	2.25	
16	1	0.5474414349264216	108.60437197827133	0.22742679719710843	0.610388936273565	25.25	25.25	10.25	5.25	3.25	1.5	
17	1	0.45700800012496234	344.8622168384152	0.6909513099109169	0.718758018802566	27.5	27.5	11.25	6.25	3.5	2.25	
18	1	0.5190253081428663	198.42264247732254	0.31300764804598125	1.1525000040044482	21.5	21.5	8.5	4.5	2.5	1.5	
19	1	0.48908779075275494	296.2391855389136	0.48583325735758337	1.1192838024038743	28.25	28.25	11.5	6.25	3.5	2.25	
20	1	0.6255878255381105	141.45384432107778	0.0763200830517406	0.44326599200270195	22.5	22.5	9.25	5.25	3.25	1.5	
21	1	0.5123104434340106	284.2081653860175	0.3197864103511263	1.331308711345542	22.25	22.25	9.25	5.25	3.25	2.25	
22	1	0.6070666200702817	153.58986088625943	0.06621962968736646	0.4065122848639589	22.25	22.25	9.25	5.25	3.25	1.5	
23	1	0.4948083503141024	340.6410517517084	0.5961454824972738	0.752718998995026	35.5	35.5	14.5	8.25	4.5	2.5	
24	1	0.4602279144105479	364.0495393248994	0.684361684740651	0.6351119164865006	33.25	33.25	13.5	7.5	4.5	2.5	
25	1	0.46078680822199025	354.60269295490286	0.6750075781003698	0.731899755449559	27.5	27.5	11.25	6.25	3.5	2.25	
26	1	0.5197929881955079	176.97763099191747	0.2815070075589472	1.1949166960995523	22.25	22.25	8.5	4.5	2.5	1.5	
27	1	0.4602279144105479	364.0495393248994	0.684361684740651	0.6351119164865006	22.5	22.5	9.5	5.25	3.25	2.25	
28	1	0.6255878255381105	141.45384432107778	0.0763200830517406	0.44326599200270195	21.25	21.25	8.5	4.5	2.5	1.5	
29	1	0.5123104434340106	284.2081653860175	0.3197864103511263	1.331308711345542	23.25	23.25	9.5	5.25	3.25	2.25	
30	1	0.6255878255381105	141.45384432107778	0.0763200830517406	0.44326599200270195	7.25	7.25	3.25	1.5	1.25	0.5	
31	1	0.5007418055993351	232.5151562899878	0.42109292255420233	1.0198693965855552	20.5	20.5	8.25	4.5	2.5	1.5	
32	1	0.6255878255381105	141.45384432107778	0.0763200830517406	0.44326599200270195	25.25	25.25	10.25	5.5	3.5	2.25	
33	1	0.5425892210036409	104.37567940429282	0.2286513558669345	0.5787438879335112	28.25	28.25	11.25	5.5	3.25	1.5	
34	1	0.7390413273692963	317.0887942249621	0.018579067272274367	1.4926389047911974	88.25	88.25	36.25	19.25	11.5	7.25	
35	1	0.4803258880428775	371.6099234070298	0.48396543759406785	0.5525515980921913	23.25	23.25	9.5	5.25	3.25	2.25	
36	1	0.7390413273692963	317.0887942249621	0.018579067272274367	1.4926389047911974	90.5	90.5	37.25	19.5	12.25	7.25	
37	1	0.5007418055993351	232.5151562899878	0.42109292255420233	1.0198693965855552	22.25	22.25	9.25	5.25	3.25	1.5	
38	1	0.6255878255381105	141.45384432107778	0.0763200830517406	0.44326599200270195	19.25	19.25	7.5	4.25	2.5	1.5	
39	1	0.4602279144105479	364.0495393248994	0.684361684740651	0.6351119164865006	26.25	26.25	10.5	6.25	3.5	2.25	
40	1	0.46351392032994865	249.62559282475033	0.5002185822306429	1.0842290052307886	18.5	18.5	7.5	4.25	2.5	1.5	
41	1	0.48624994733127225	179.2595901627075	0.4990366778633375	1.0480462034748532	25.5	25.5	10.25	5.5	3.25	1.5	
42	1	0.4803258880428775	371.6099234070298	0.48396543759406785	0.5525515980921913	23.5	23.5	10.25	5.5	3.5	2.25	
43	1	0.6255878255381105	141.45384432107778	0.0763200830517406	0.44326599200270195	31.25	31.25	12.5	6.5	4.25	2.25	
44	1	0.487413162158759	273.6116252760957	0.4632864665691804	1.0487091111119975	24.25	24.25	9.5	5.5	3.25	2.25	
45	1	0.5007418055993351	232.5151562899878	0.42109292255420233	1.0198693965855552	25.25	25.25	10.25	5.5	3.5	2.25	
46	1	0.5190253081428663	198.42264247732254	0.31300764804598125	1.1525000040044482	24.25	24.25	10.25	5.25	3.25	1.5	
47	1	0.49532797104858767	193.7578973297507	0.39828028004239274	1.0173758729922575	21.5	21.5	8.5	4.5	2.5	1.5	
48	1	0.4602279144105479	364.0495393248994	0.684361684740651	0.6351119164865006	31.25	31.25	12.5	7.25	4.25	2.5	
49	1	0.5772997868602743	319.1987277898327	0.1421260668763435	1.3592304960423596	26.25	26.25	10.5	6.25	4.25	2.5	
50	1	0.46531965893909183	388.2527292718412	0.6602235643427834	0.7859782193847364	30.25	30.25	12.5	7.25	4.25	2.5	
51	1	0.4948083503141024	340.6410517517084	0.5961454824972738	0.752718998995026	31.5	31.5	13.25	7.25	4.25	2.5	
52	1	0.4844155124225833	277.24758898949165	0.4840003647270376	1.082503844660794	18.5	18.5	7.5	4.25	2.5	1.5	
53	1	0.5257265809722981	184.14876264796982	0.2980415887900817	1.055923052524845	27.5	27.5	11.25	6.25	3.5	2.25	
54	1	0.4803258880428775	371.6099234070298	0.48396543759406785	0.5525515980921913	20.25	20.25	8.5	4.5	3.25	1.5	
55	1	0.5474414349264216	108.60437197827133	0.22742679719710843	0.610388936273565	27.5	27.5	11.25	5.5	3.25	1.5	
56	1	0.5123104434340106	284.2081653860175	0.3197864103511263	1.331308711345542	23.5	23.5	9.5	5.25	3.25	2.25	
57	1	0.4603658023871673	337.16769729182676	0.6689025494659576	0.5828308443911735	25.5	25.5	10.5	5.5	3.5	2.25	
58	1	0.7390413273692963	317.0887942249621	0.018579067272274367	1.4926389047911974	85.5	85.5	34.5	18.5	11.5	6.5	
59	1	0.5425892210036409	104.37567940429282	0.2286513558669345	0.5787438879335112	25.25	25.25	10.25	5.25	3.25	1.5	
60	1	0.6255878255381105	141.45384432107778	0.0763200830517406	0.44326599200270195	25.25	25.25	10.25	5.5	3.5	2.25	
61	1	0.5007418055993351	232.5151562899878	0.42109292255420233	1.0198693965855552	26.5	26.5	11.25	6.25	3.5	2.25	
62	1	0.4602279144105479	364.0495393248994	0.684361684740651	0.6351119164865006	27.5	27.5	11.25	6.25	3.5	2.25	
63	1	0.4884132350814083	354.5513577428414	0.4556208074376225	0.46724955457850115	24.5	24.5	10.25	6.25	3.5	2.25	
64	1	0.6226486482251989	134.54321176270875	0.0787662624461743	0.33674003233859745	16.25	16.25	6.5	3.5	2.25	1.25	
65	1	0.49848922724478995	234.60587851182177	0.39191782670526104	0.8030423753743654	23.25	23.25	9.5	5.25	3.25	2.25	
66	1	0.6255878255381105	141.45384432107778	0.0763200830517406	0.44326599200270195	9.25	9.25	4.25	2.25	1.5	1.25	
67	1	0.7412669621555641	313.89103654773004	0.01749154272408685	1.4894409387433714	93.25	93.25	37.5	20.25	12.25	7.25	
68	1	0.6804936568348352	307.3498711000579	0.03900157105761888	1.109622051594669	32.5	32.5	14.25	7.5	4.5	3.25	
69	1	0.6255878255381105	141.45384432107778	0.0763200830517406	0.44326599200270195	6.5	6.5	3.25	1.5	1.25	0.5	
70	1	0.7310997768996477	291.42624010157755	0.019519992258737004	1.3509229125944793	41.25	41.25	17.25	10.25	6.5	3.5	
71	1	0.5066762268664101	173.37386903433892	0.35544091600753325	0.5687864174539325	23.25	23.25	9.5	5.25	3.25	1.5	
72	1	0.6226486482251989	134.54321176270875	0.0787662624461743	0.33674003233859745	20.5	20.5	8.25	4.25	2.5	1.25	
73	1	0.6087493123584277	317.24622867231324	0.09701923233590143	1.0276541917341464	27.25	27.25	11.25	6.25	4.25	2.5	
74	1	0.45570627830376076	352.23757924391265	0.6941914274679656	0.50229810741774	25.5	25.5	10.5	5.5	3.5	2.25	
75	1	0.4695416943757721	307.717390786684	0.5730210011094661	1.102710263218667	24.25	24.25	9.5	5.5	3.25	2.25	
76	1	0.6193556492146078	285.9910190513089	0.08889996386571018	0.9918037183985384	32.25	32.25	13.25	7.25	4.5	2.5	
77	1	0.5474414349264216	108.60437197827133	0.22742679719710843	0.610388936273565	26.5	26.5	10.5	5.5	3.25	1.5	
78	1	0.4602279144105479	364.0495393248994	0.684361684740651	0.6351119164865006	26.5	26.5	11.25	6.25	3.5	2.25	
79	1	0.5729320127336627	334.5026783839375	0.1803604330800512	0.7621074371157537	24.5	24.5	10.25	5.5	3.5	2.5	
80	1	0.4803258880428775	371.6099234070298	0.48396543759406785	0.5525515980921913	19.5	19.5	8.25	4.5	2.5	1.5	
81	1	0.6356463537448489	142.10738605106934	0.06294760081816561	0.5878247240042621	30.25	30.25	12.25	6.5	4.25	2.25	
82	1	0.4992396132535439	238.06662122675692	0.4168638396391373	0.9348575118410367	24.25	24.25	9.5	5.25	3.25	1.5	
83	1	0.5002862844479056	233.94028909548575	0.4206087502409526	1.0739865405527629	24.25	24.25	9.5	5.5	3.25	1.5	
84	1	0.5238979584260193	291.9569167194826	0.26445527000929303	1.5155448898362796	22.5	22.5	9.5	5.25	3.25	2.25	
85	1	0.5474414349264216	108.60437197827133	0.22742679719710843	0.610388936273565	25.5	25.5	10.25	5.25	3.25	1.5	
86	1	0.48456976099909566	238.57777667027483	0.4610118341053939	1.009440014379679	21.25	21.25	8.5	4.5	2.5	1.5	
87	1	0.4602279144105479	364.0495393248994	0.684361684740651	0.6351119164865006	27.25	27.25	11.25	6.25	3.5	2.25	
88	1	0.6255878255381105	141.45384432107778	0.0763200830517406	0.44326599200270195	23.5	23.5	9.5	5.25	3.25	1.5	
89	1	0.7480221009091996	326.4118317976624	0.011007040537711295	1.401689663514279	85.25	85.25	35.25	18.5	11.5	6.5	
90	1	0.7394378968535674	309.04155090546686	0.018269255018814386	1.533838182059802	42.25	42.25	17.5	10.25	6.5	3.5	
91	1	0.49977320300210026	186.918405198873	0.4652155628172422	1.3530140551895746	23.25	23.25	9.25	5.25	3.25	1.5	
92	1	0.5257265809722981	184.14876264796982	0.2980415887900817	1.055923052524845	20.25	20.25	8.25	4.5	2.5	1.5	
93	1	0.5068066202120497	225.27444579028796	0.3653158374956008	0.6891406528920435	23.5	23.5	9.5	5.25	3.25	1.5	
94	1	0.5250722569813135	239.34933738028795	0.35808536292830156	1.2408053874936376	29.25	29.25	11.5	6.5	4.25	2.25	
95	1	0.7390413273692963	317.0887942249621	0.018579067272274367	1.4926389047911974	61.25	61.25	25.25	14.25	8.5	5.5	
96	1	0.5239197307665572	167.90365016723547	0.32232414676550497	0.7426362721497008	26.25	26.25	10.5	5.5	3.25	1.5	
97	1	0.7331428838792747	278.44140264628	0.01565369548253508	1.0275339597030246	32.5	32.5	14.25	7.5	4.5	3.25	
98	1	0.4884132350814083	354.5513577428414	0.4556208074376225	0.46724955457850115	25.5	25.5	10.5	6.25	3.5	2.25	
99	1	0.5729320127336627	334.5026783839375	0.1803604330800512	0.7621074371157537	29.5	29.5	12.5	6.5	4.25	2.5	
100	1	0.6356463537448489	142.10738605106934	0.06294760081816561	0.5878247240042621	10.5	10.5	4.5	2.5	1.5	1.25	
101	1	0.5744308353136128	303.8391264318671	0.15539447858755168	1.2928189312042377	20.25	20.25	8.5	5.25	3.25	2.25	
102	1	0.7390413273692963	317.0887942249621	0.018579067272274367	1.4926389047911974	36.5	36.5	15.25	9.25	6.25	4.25	
103	1	0.6255878255381105	141.45384432107778	0.0763200830517406	0.44326599200270195	29.5	29.5	12.25	6.5	3.5	2.25	
104	1	0.608314481795649	134.12702412537664	0.1008098560345827	0.25738580735290395	27.25	27.25	10.5	5.5	3.25	1.5	
105	1	0.6255878255381105	141.45384432107778	0.0763200830517406	0.44326599200270195	27.25	27.25	10.5	5.5	3.25	1.5	
106	1	0.5744308353136128	303.8391264318671	0.15539447858755168	1.2928189312042377	20.5	20.5	8.5	4.5	3.25	2.25	
107	1	0.48575260811118737	263.6357370629949	0.48171835128103924	0.7683287073723538	25.5	25.5	10.5	5.5	3.5	2.25	
108	1	0.6255878255381105	141.45384432107778	0.0763200830517406	0.44326599200270195	31.25	31.25	12.5	6.5	4.25	2.25	
109	1	0.5744308353136128	303.8391264318671	0.15539447858755168	1.2928189312042377	21.25	21.25	9.25	5.25	3.25	2.25	
110	1	0.4602279144105479	364.0495393248994	0.684361684740651	0.6351119164865006	27.25	27.25	11.25	6.25	3.5	2.25	
111	1	0.6226486482251989	134.54321176270875	0.0787662624461743	0.33674003233859745	31.5	31.5	13.25	7.25	4.25	2.25	
112	1	0.4602279144105479	364.0495393248994	0.684361684740651	0.6351119164865006	26.25	26.25	10.5	6.25	3.5	2.25	
113	1	0.5085560129331762	220.8862735023522	0.4031849588373379	1.449045594118641	26.5	26.5	10.5	6.25	3.5	2.25	
114	1	0.6314208047516519	156.46535220258514	0.0649523267386687	0.564995224316945	22.5	22.5	9.25	5.25	3.25	1.5	
115	1	0.5123104434340106	284.2081653860175	0.3197864103511263	1.331308711345542	21.25	21.25	8.5	4.5	3.25	1.5	
116	1	0.6255878255381105	141.45384432107778	0.0763200830517406	0.44326599200270195	6.5	6.5	2.5	1.5	1.25	0.5	
117	1	0.6255878255381105	141.45384432107778	0.0763200830517406	0.44326599200270195	22.5	22.5	9.25	5.25	3.25	1.5	
118	1	0.5744308353136128	303.8391264318671	0.15539447858755168	1.2928189312042377	22.5	22.5	10.25	5.5	3.5	2.5	
119	1	0.5007418055993351	232.5151562899878	0.42109292255420233	1.0198693965855552	23.5	23.5	9.5	5.25	3.25	1.5	
120	1	0.4602279144105479	364.0495393248994	0.684361684740651	0.6351119164865006	25.5	25.5	10.5	5.5	3.5	2.25	
121	1	0.4602279144105479	364.0495393248994	0.684361684740651	0.6351119164865006	30.25	30.25	12.25	6.5	4.25	2.5	
122	1	0.6012536612692018	299.55647080099203	0.09761760664605026	1.4048483426234528	20.25	20.25	8.5	5.25	3.25	2.25	
123	1	0.4568121185527598	363.8660345301353	0.6734946704446352	0.6781860124579226	24.5	24.5	10.25	5.5	3.5	2.25	
124	1	0.4884132350814083	354.5513577428414	0.4556208074376225	0.46724955457850115	31.5	31.5	12.5	7.25	4.5	2.5	
125	1	0.6226486482251989	134.54321176270875	0.0787662624461743	0.33674003233859745	11.25	11.25	4.5	2.5	1.5	1.25	
126	1	0.4951124587769291	263.93614278516384	0.458245167360138	0.9362038798374939	32.5	32.5	13.25	7.25	4.25	2.5	
127	1	0.49284892677680636	264.79207762117215	0.4657095064332754	1.392076866431715	26.25	26.25	10.5	5.5	3.5	2.25	
128	1	0.4607892329393126	356.89551179172645	0.666577576034588	0.8393554584464231	23.5	23.5	9.5	5.5	3.25	2.25	
129	1	0.48855299342543645	302.78047923108835	0.46619879985292667	1.0466582528446722	23.5	23.5	9.5	5.25	3.25	2.25	
130	1	0.6187322515241267	248.5541868045173	0.08741427123162851	0.9392508806667226	24.25	24.25	10.25	5.5	3.5	2.25	
131	1	0.5474414349264216	108.60437197827133	0.22742679719710843	0.610388936273565	27.25	27.25	10.5	5.5	3.25	1.5	
132	1	0.6804936568348352	307.3498711000579	0.03900157105761888	1.109622051594669	11.5	11.5	6.25	4.25	2.5	1.5	
133	1	0.49974533422980655	226.93573628644643	0.39979384069203666	1.1419029263083522	23.5	23.5	9.5	5.25	3.25	1.5	
134	1	0.6255878255381105	141.45384432107778	0.0763200830517406	0.44326599200270195	24.25	24.25	9.5	5.25	3.25	1.5	
135	1	0.6255878255381105	141.45384432107778	0.0763200830517406	0.44326599200270195	31.5	31.5	13.25	7.25	4.25	2.25	
136	1	0.4609149851873951	373.9585523190397	0.6877855822633039	0.6638725196189483	30.25	30.25	12.5	7.25	4.25	2.5	
137	1	0.6255878255381105	141.45384432107778	0.0763200830517406	0.44326599200270195	23.5	23.5	9.5	5.25	3.25	2.25	
138	1	0.5474414349264216	108.60437197827133	0.22742679719710843	0.610388936273565	21.25	21.25	8.25	4.25	2.5	1.25	
139	1	0.5744308353136128	303.8391264318671	0.15539447858755168	1.2928189312042377	25.5	25.5	10.5	6.25	3.5	2.25	
140	1	0.6255878255381105	141.45384432107778	0.0763200830517406	0.44326599200270195	14.25	14.25	6.25	3.25	2.25	1.25	
141	1	0.4602279144105479	364.0495393248994	0.684361684740651	0.6351119164865006	28.25	28.25	11.5	6.5	4.25	2.25	
142	1	0.5744308353136128	303.8391264318671	0.15539447858755168	1.2928189312042377	25.25	25.25	10.5	6.25	3.5	2.25	
143	1	0.5007418055993351	232.5151562899878	0.42109292255420233	1.0198693965855552	26.5	26.5	10.5	6.25	3.5	2.25	
144	1	0.49502053173670996	218.03619742800566	0.4104820618557628	0.9160757784099652	22.5	22.5	9.25	5.25	3.25	1.5	
145	1	0.5143595950125033	186.93569168451623	0.32880168128787274	0.9217419269532522	22.5	22.5	9.25	5.25	3.25	1.5	
146	1	0.5474414349264216	108.60437197827133	0.22742679719710843	0.610388936273565	25.5	25.5	10.25	5.25	3.25	1.5	
147	1	0.5586673974164768	284.750784553396	0.17900846485433208	1.4692420884627626	22.25	22.25	9.5	5.25	3.25	2.25	
148	1	0.556194247529656	108.46432806054274	0.19167062202107835	0.4822488830509368	22.25	22.25	8.5	4.5	2.5	1.5	
149	1	0.5474414349264216	108.60437197827133	0.22742679719710843	0.610388936273565	26.25	26.25	10.25	5.25	3.25	1.5	
150	1	0.49532797104858767	193.7578973297507	0.39828028004239274	1.0173758729922575	22.5	22.5	9.25	4.5	2.5	1.5	
151	1	0.48575260811118737	263.6357370629949	0.48171835128103924	0.7683287073723538	21.25	21.25	8.5	4.5	3.25	1.5	
152	1	0.5474414349264216	108.60437197827133	0.22742679719710843	0.610388936273565	23.5	23.5	9.25	4.5	2.5	1.5	
153	1	0.4602279144105479	364.0495393248994	0.684361684740651	0.6351119164865006	25.5	25.5	10.5	5.5	3.5	2.25	
154	1	0.5063399246976548	221.60628835267516	0.3838383196759166	0.6470744623389447	22.25	22.25	9.25	5.25	3.25	1.5	
155	1	0.5045688735119643	332.0287582782876	0.4041554139313849	0.46155159115310146	27.25	27.25	11.25	6.25	4.25	2.25	
156	1	0.5007418055993351	232.5151562899878	0.42109292255420233	1.0198693965855552	31.5	31.5	13.25	7.25	4.25	2.5	
157	1	0.5002862844479056	233.94028909548575	0.4206087502409526	1.0739865405527629	24.5	24.5	10.25	5.5	3.25	1.5	
158	1	0.5007418055993351	232.5151562899878	0.42109292255420233	1.0198693965855552	25.5	25.5	10.5	5.5	3.5	2.25	
159	1	0.4602279144105479	364.0495393248994	0.684361684740651	0.6351119164865006	31.25	31.25	12.5	7.25	4.25	2.5	
160	1	0.5622174513710186	337.60320331429034	0.1695896389550712	1.1310656800384775	24.25	24.25	10.5	5.5	3.5	2.5	
161	1	0.6255878255381105	141.45384432107778	0.0763200830517406	0.44326599200270195	23.25	23.25	9.5	5.25	3.25	1.5	
162	1	0.5729320127336627	334.5026783839375	0.1803604330800512	0.7621074371157537	29.25	29.25	12.5	7.5	4.5	2.5	
163	1	0.4602279144105479	364.0495393248994	0.684361684740651	0.6351119164865006	28.25	28.25	11.5	6.25	3.5	2.25	
164	1	0.4602279144105479	364.0495393248994	0.684361684740651	0.6351119164865006	26.5	26.5	11.25	6.25	3.5	2.25	
165	1	0.47339874762834694	192.03695020968289	0.5163592720208532	1.236220877649772	24.25	24.25	9.5	5.25	3.25	1.5	
166	1	0.5190253081428663	198.42264247732254	0.31300764804598125	1.1525000040044482	25.25	25.25	10.25	5.5	3.25	2.25	
167	1	0.4993877806651763	242.25675718629677	0.39801733139232653	1.258307907187956	27.5	27.5	11.25	6.25	3.5	2.25	
168	1	0.4602279144105479	364.0495393248994	0.684361684740651	0.6351119164865006	26.25	26.25	10.5	5.5	3.5	2.25	
169	1	0.5063399246976548	221.60628835267516	0.3838383196759166	0.6470744623389447	18.25	18.25	7.5	4.25	2.5	1.5	
170	1	0.6255878255381105	141.45384432107778	0.0763200830517406	0.44326599200270195	30.25	30.25	12.25	6.5	4.25	2.5	
171	1	0.6255878255381105	141.45384432107778	0.0763200830517406	0.44326599200270195	23.25	23.25	9.5	5.25	3.25	1.5	
172	1	0.5123104434340106	284.2081653860175	0.3197864103511263	1.331308711345542	20.25	20.25	8.25	4.5	2.5	1.5	
173	1	0.4602279144105479	364.0495393248994	0.684361684740651	0.6351119164865006	22.25	22.25	9.25	5.25	3.25	1.5	
174	1	0.7331428838792747	278.44140264628	0.01565369548253508	1.0275339597030246	77.5	77.5	32.25	17.25	10.5	6.5	
175	1	0.4602279144105479	364.0495393248994	0.684361684740651	0.6351119164865006	24.25	24.25	10.25	5.5	3.25	2.25	
176	1	0.4884132350814083	354.5513577428414	0.4556208074376225	0.46724955457850115	22.5	22.5	9.5	5.25	3.25	2.25	
177	1	0.5474414349264216	108.60437197827133	0.22742679719710843	0.610388936273565	24.5	24.5	9.5	5.25	2.5	1.5	
178	1	0.4884132350814083	354.5513577428414	0.4556208074376225	0.46724955457850115	24.25	24.25	10.25	5.5	3.5	2.25	
179	1	0.6193556492146078	285.9910190513089	0.08889996386571018	0.9918037183985384	35.5	35.5	15.25	8.25	5.25	3.25	
180	1	0.4602279144105479	364.0495393248994	0.684361684740651	0.6351119164865006	27.5	27.5	11.25	6.25	3.5	2.25	
181	1	0.6255878255381105	141.45384432107778	0.0763200830517406	0.44326599200270195	22.25	22.25	9.25	4.5	2.5	1.5	
182	1	0.6255878255381105	141.45384432107778	0.0763200830517406	0.44326599200270195	27.25	27.25	11.25	6.25	3.5	2.25	
183	1	0.47339874762834694	192.03695020968289	0.5163592720208532	1.236220877649772	18.25	18.25	7.25	4.25	2.25	1.25	
184	1	0.49848922724478995	234.60587851182177	0.39191782670526104	0.8030423753743654	20.25	20.25	8.25	4.5	2.5	1.5	
185	1	0.4602279144105479	364.0495393248994	0.684361684740651	0.6351119164865006	36.25	36.25	14.5	8.25	4.5	2.5	
186	1	0.4561758966991876	365.42019535079584	0.695252130396142	0.48842662879949106	23.5	23.5	9.5	5.25	3.25	2.25	
187	1	0.4884132350814083	354.5513577428414	0.4556208074376225	0.46724955457850115	27.25	27.25	11.25	6.25	4.25	2.5	
188	1	0.5190253081428663	198.42264247732254	0.31300764804598125	1.1525000040044482	22.5	22.5	9.25	5.25	3.25	1.5	
189	1	0.4510732004629827	373.48549506398456	0.6828649160003898	0.6304418532045188	23.25	23.25	9.5	5.25	3.25	2.25	
190	1	0.6255878255381105	141.45384432107778	0.0763200830517406	0.44326599200270195	15.25	15.25	6.25	3.5	2.25	1.25	
191	1	0.5007418055993351	232.5151562899878	0.42109292255420233	1.0198693965855552	28.25	28.25	11.5	6.25	3.5	2.25	
192	1	0.5190253081428663	198.42264247732254	0.31300764804598125	1.1525000040044482	25.25	25.25	10.25	5.5	3.5	2.25	
193	1	0.6226486482251989	134.54321176270875	0.0787662624461743	0.33674003233859745	30.25	30.25	12.25	6.5	3.5	2.25	
194	1	0.5257265809722981	184.14876264796982	0.2980415887900817	1.055923052524845	20.5	20.5	8.25	4.5	2.5	1.5	
195	1	0.6804936568348352	307.3498711000579	0.03900157105761888	1.109622051594669	35.25	35.25	15.25	8.5	5.25	3.25	
196	1	0.4602279144105479	364.0495393248994	0.684361684740651	0.6351119164865006	33.25	33.25	13.5	7.5	4.5	2.5	
197	1	0.5190253081428663	198.42264247732254	0.31300764804598125	1.1525000040044482	23.5	23.5	9.5	5.25	3.25	1.5	
198	1	0.6193556492146078	285.9910190513089	0.08889996386571018	0.9918037183985384	12.25	12.25	5.25	3.25	2.25	1.5	
199	1	0.6528884720586414	136.96082103393775	0.04027009745683949	0.5958447366044016	20.5	20.5	8.25	4.5	2.5	1.5	
200	1	0.6193556492146078	285.9910190513089	0.08889996386571018	0.9918037183985384	36.5	36.5	15.5	8.25	5.25	3.25	
