0.0001 -0.176995 -0.177008 -0.177019 -0.17703 -0.177041 -0.177067 -0.177091 -0.177115 -0.177136 -0.177157 -0.177175 -0.177193 -0.177209 -0.177223 -0.177236 -0.177248 -0.177258 -0.177267 -0.177274 -0.177281 -0.177286 -0.17729 -0.177293 -0.177295 -0.177295
0.0011 -0.177004 -0.177017 -0.177028 -0.177039 -0.17705 -0.177076 -0.177101 -0.177124 -0.177145 -0.177166 -0.177184 -0.177202 -0.177218 -0.177232 -0.177245 -0.177257 -0.177267 -0.177276 -0.177283 -0.17729 -0.177295 -0.177299 -0.177302 -0.177304 -0.177304
0.0021 -0.177013 -0.177026 -0.177037 -0.177048 -0.177059 -0.177085 -0.17711 -0.177133 -0.177154 -0.177175 -0.177194 -0.177211 -0.177227 -0.177241 -0.177254 -0.177266 -0.177276 -0.177285 -0.177292 -0.177299 -0.177304 -0.177308 -0.177311 -0.177313 -0.177314
0.0032 -0.177023 -0.177036 -0.177047 -0.177058 -0.177069 -0.177095 -0.17712 -0.177143 -0.177164 -0.177185 -0.177204 -0.177221 -0.177237 -0.177251 -0.177264 -0.177276 -0.177286 -0.177295 -0.177302 -0.177309 -0.177314 -0.177318 -0.177321 -0.177323 -0.177324
0.0043 -0.177033 -0.177046 -0.177057 -0.177068 -0.177079 -0.177105 -0.17713 -0.177153 -0.177174 -0.177195 -0.177213 -0.177231 -0.177247 -0.177261 -0.177274 -0.177286 -0.177296 -0.177305 -0.177312 -0.177319 -0.177324 -0.177328 -0.177331 -0.177333 -0.177334
0.0053 -0.177043 -0.177055 -0.177066 -0.177077 -0.177088 -0.177114 -0.177139 -0.177162 -0.177183 -0.177204 -0.177223 -0.17724 -0.177256 -0.17727 -0.177283 -0.177295 -0.177305 -0.177314 -0.177321 -0.177328 -0.177333 -0.177337 -0.17734 -0.177342 -0.177343
0.0063 -0.177052 -0.177064 -0.177075 -0.177087 -0.177097 -0.177123 -0.177148 -0.177171 -0.177193 -0.177213 -0.177232 -0.177249 -0.177265 -0.177279 -0.177292 -0.177304 -0.177314 -0.177323 -0.17733 -0.177337 -0.177342 -0.177346 -0.177349 -0.177351 -0.177352
0.0073 -0.177061 -0.177073 -0.177085 -0.177096 -0.177106 -0.177132 -0.177157 -0.17718 -0.177202 -0.177222 -0.177241 -0.177258 -0.177274 -0.177288 -0.177301 -0.177313 -0.177323 -0.177332 -0.17734 -0.177346 -0.177351 -0.177355 -0.177358 -0.17736 -0.177361
0.0083 -0.17707 -0.177082 -0.177094 -0.177105 -0.177115 -0.177141 -0.177166 -0.177189 -0.177211 -0.177231 -0.17725 -0.177267 -0.177283 -0.177297 -0.17731 -0.177322 -0.177332 -0.177341 -0.177349 -0.177355 -0.17736 -0.177364 -0.177367 -0.177369 -0.17737
0.0094 -0.17708 -0.177092 -0.177104 -0.177115 -0.177125 -0.177151 -0.177176 -0.177199 -0.177221 -0.177241 -0.17726 -0.177277 -0.177293 -0.177307 -0.17732 -0.177332 -0.177342 -0.177351 -0.177358 -0.177365 -0.17737 -0.177374 -0.177377 -0.177379 -0.17738
0.0105 -0.17709 -0.177102 -0.177114 -0.177125 -0.177135 -0.177161 -0.177186 -0.177209 -0.17723 -0.177251 -0.17727 -0.177287 -0.177303 -0.177317 -0.17733 -0.177342 -0.177352 -0.177361 -0.177368 -0.177375 -0.17738 -0.177384 -0.177387 -0.177389 -0.17739
0.0116 -0.1771 -0.177112 -0.177123 -0.177135 -0.177145 -0.177171 -0.177196 -0.177219 -0.17724 -0.177261 -0.177279 -0.177297 -0.177313 -0.177327 -0.17734 -0.177352 -0.177362 -0.177371 -0.177378 -0.177385 -0.17739 -0.177394 -0.177397 -0.177399 -0.177399
0.0127 -0.17711 -0.177122 -0.177133 -0.177144 -0.177155 -0.177181 -0.177205 -0.177229 -0.17725 -0.177271 -0.177289 -0.177307 -0.177323 -0.177337 -0.17735 -0.177362 -0.177372 -0.177381 -0.177388 -0.177395 -0.1774 -0.177404 -0.177407 -0.177409 -0.177409
0.0138 -0.17712 -0.177132 -0.177143 -0.177154 -0.177165 -0.177191 -0.177215 -0.177238 -0.17726 -0.17728 -0.177299 -0.177317 -0.177333 -0.177347 -0.17736 -0.177372 -0.177382 -0.17739 -0.177398 -0.177405 -0.17741 -0.177414 -0.177417 -0.177419 -0.177419
0.0149 -0.17713 -0.177142 -0.177153 -0.177164 -0.177175 -0.177201 -0.177225 -0.177248 -0.17727 -0.17729 -0.177309 -0.177326 -0.177342 -0.177357 -0.17737 -0.177381 -0.177392 -0.1774 -0.177408 -0.177414 -0.17742 -0.177424 -0.177427 -0.177429 -0.177429
0.016 -0.17714 -0.177152 -0.177163 -0.177174 -0.177185 -0.177211 -0.177235 -0.177258 -0.17728 -0.1773 -0.177319 -0.177336 -0.177352 -0.177367 -0.17738 -0.177391 -0.177401 -0.17741 -0.177418 -0.177424 -0.17743 -0.177434 -0.177437 -0.177438 -0.177439
0.0171 -0.17715 -0.177162 -0.177173 -0.177184 -0.177195 -0.177221 -0.177245 -0.177268 -0.17729 -0.17731 -0.177329 -0.177346 -0.177362 -0.177377 -0.17739 -0.177401 -0.177411 -0.17742 -0.177428 -0.177434 -0.17744 -0.177444 -0.177447 -0.177448 -0.177449
0.0182 -0.17716 -0.177172 -0.177183 -0.177194 -0.177205 -0.177231 -0.177255 -0.177278 -0.1773 -0.17732 -0.177339 -0.177356 -0.177372 -0.177386 -0.177399 -0.177411 -0.177421 -0.17743 -0.177438 -0.177444 -0.177449 -0.177453 -0.177456 -0.177458 -0.177459
0.0193 -0.17717 -0.177182 -0.177193 -0.177204 -0.177215 -0.177241 -0.177265 -0.177288 -0.17731 -0.17733 -0.177349 -0.177366 -0.177382 -0.177396 -0.177409 -0.177421 -0.177431 -0.17744 -0.177447 -0.177454 -0.177459 -0.177463 -0.177466 -0.177468 -0.177469
0.0204 -0.17718 -0.177192 -0.177203 -0.177214 -0.177225 -0.177251 -0.177275 -0.177298 -0.177319 -0.17734 -0.177358 -0.177376 -0.177392 -0.177406 -0.177419 -0.177431 -0.177441 -0.17745 -0.177457 -0.177464 -0.177469 -0.177473 -0.177476 -0.177478 -0.177478
0.0215 -0.17719 -0.177202 -0.177213 -0.177224 -0.177235 -0.17726 -0.177285 -0.177308 -0.177329 -0.17735 -0.177368 -0.177386 -0.177402 -0.177416 -0.177429 -0.177441 -0.177451 -0.17746 -0.177467 -0.177474 -0.177479 -0.177483 -0.177486 -0.177488 -0.177488
0.0226 -0.1772 -0.177212 -0.177223 -0.177234 -0.177245 -0.17727 -0.177295 -0.177318 -0.177339 -0.177359 -0.177378 -0.177395 -0.177411 -0.177426 -0.177439 -0.17745 -0.177461 -0.177469 -0.177477 -0.177483 -0.177489 -0.177493 -0.177496 -0.177498 -0.177498
0.0237 -0.17721 -0.177222 -0.177233 -0.177244 -0.177255 -0.17728 -0.177305 -0.177328 -0.177349 -0.177369 -0.177388 -0.177405 -0.177421 -0.177436 -0.177449 -0.17746 -0.17747 -0.177479 -0.177487 -0.177493 -0.177499 -0.177503 -0.177506 -0.177507 -0.177508
0.0248 -0.17722 -0.177232 -0.177243 -0.177254 -0.177265 -0.17729 -0.177315 -0.177337 -0.177359 -0.177379 -0.177398 -0.177415 -0.177431 -0.177445 -0.177458 -0.17747 -0.17748 -0.177489 -0.177497 -0.177503 -0.177508 -0.177512 -0.177515 -0.177517 -0.177518
0.0259 -0.17723 -0.177242 -0.177253 -0.177264 -0.177275 -0.1773 -0.177325 -0.177347 -0.177369 -0.177389 -0.177408 -0.177425 -0.177441 -0.177455 -0.177468 -0.17748 -0.17749 -0.177499 -0.177506 -0.177513 -0.177518 -0.177522 -0.177525 -0.177527 -0.177528
0.027 -0.17724 -0.177252 -0.177263 -0.177274 -0.177285 -0.17731 -0.177334 -0.177357 -0.177379 -0.177399 -0.177417 -0.177435 -0.177451 -0.177465 -0.177478 -0.17749 -0.1775 -0.177509 -0.177516 -0.177523 -0.177528 -0.177532 -0.177535 -0.177537 -0.177537
0.0281 -0.17725 -0.177262 -0.177273 -0.177284 -0.177295 -0.17732 -0.177344 -0.177367 -0.177389 -0.177409 -0.177427 -0.177445 -0.17746 -0.177475 -0.177488 -0.177499 -0.17751 -0.177518 -0.177526 -0.177532 -0.177538 -0.177542 -0.177545 -0.177547 -0.177547
0.0292 -0.17726 -0.177272 -0.177283 -0.177294 -0.177305 -0.17733 -0.177354 -0.177377 -0.177398 -0.177418 -0.177437 -0.177454 -0.17747 -0.177485 -0.177498 -0.177509 -0.177519 -0.177528 -0.177536 -0.177542 -0.177548 -0.177552 -0.177555 -0.177556 -0.177557
0.0303 -0.17727 -0.177282 -0.177293 -0.177304 -0.177315 -0.17734 -0.177364 -0.177387 -0.177408 -0.177428 -0.177447 -0.177464 -0.17748 -0.177494 -0.177507 -0.177519 -0.177529 -0.177538 -0.177546 -0.177552 -0.177557 -0.177561 -0.177564 -0.177566 -0.177567
0.0313 -0.177279 -0.177291 -0.177302 -0.177313 -0.177324 -0.177349 -0.177373 -0.177396 -0.177417 -0.177437 -0.177456 -0.177473 -0.177489 -0.177503 -0.177516 -0.177528 -0.177538 -0.177547 -0.177554 -0.177561 -0.177566 -0.17757 -0.177573 -0.177575 -0.177576
0.0323 -0.177288 -0.1773 -0.177312 -0.177322 -0.177333 -0.177358 -0.177382 -0.177405 -0.177426 -0.177446 -0.177465 -0.177482 -0.177498 -0.177512 -0.177525 -0.177537 -0.177547 -0.177556 -0.177563 -0.17757 -0.177575 -0.177579 -0.177582 -0.177584 -0.177584
0.0333 -0.177297 -0.177309 -0.177321 -0.177332 -0.177342 -0.177367 -0.177391 -0.177414 -0.177435 -0.177455 -0.177474 -0.177491 -0.177507 -0.177521 -0.177534 -0.177546 -0.177556 -0.177565 -0.177572 -0.177579 -0.177584 -0.177588 -0.177591 -0.177593 -0.177593
0.0343 -0.177306 -0.177318 -0.17733 -0.177341 -0.177351 -0.177376 -0.1774 -0.177423 -0.177444 -0.177464 -0.177483 -0.1775 -0.177516 -0.17753 -0.177543 -0.177554 -0.177565 -0.177573 -0.177581 -0.177587 -0.177593 -0.177597 -0.1776 -0.177602 -0.177602
0.0353 -0.177315 -0.177327 -0.177339 -0.17735 -0.17736 -0.177386 -0.17741 -0.177432 -0.177453 -0.177473 -0.177492 -0.177509 -0.177524 -0.177539 -0.177552 -0.177563 -0.177573 -0.177582 -0.17759 -0.177596 -0.177602 -0.177606 -0.177609 -0.17761 -0.177611
0.0363 -0.177325 -0.177337 -0.177348 -0.177359 -0.177369 -0.177395 -0.177419 -0.177441 -0.177462 -0.177482 -0.177501 -0.177518 -0.177533 -0.177548 -0.177561 -0.177572 -0.177582 -0.177591 -0.177599 -0.177605 -0.17761 -0.177615 -0.177618 -0.177619 -0.17762
0.0373 -0.177334 -0.177346 -0.177357 -0.177368 -0.177378 -0.177404 -0.177428 -0.17745 -0.177471 -0.177491 -0.17751 -0.177527 -0.177542 -0.177557 -0.177569 -0.177581 -0.177591 -0.1776 -0.177608 -0.177614 -0.177619 -0.177623 -0.177626 -0.177628 -0.177629
0.0383 -0.177343 -0.177355 -0.177366 -0.177377 -0.177387 -0.177413 -0.177437 -0.177459 -0.17748 -0.1775 -0.177519 -0.177536 -0.177551 -0.177565 -0.177578 -0.17759 -0.1776 -0.177609 -0.177616 -0.177623 -0.177628 -0.177632 -0.177635 -0.177637 -0.177638
0.0393 -0.177352 -0.177364 -0.177375 -0.177386 -0.177397 -0.177422 -0.177446 -0.177468 -0.177489 -0.177509 -0.177527 -0.177544 -0.17756 -0.177574 -0.177587 -0.177599 -0.177609 -0.177618 -0.177625 -0.177632 -0.177637 -0.177641 -0.177644 -0.177646 -0.177646
0.0403 -0.177361 -0.177373 -0.177384 -0.177395 -0.177406 -0.177431 -0.177455 -0.177477 -0.177498 -0.177518 -0.177536 -0.177553 -0.177569 -0.177583 -0.177596 -0.177608 -0.177618 -0.177626 -0.177634 -0.17764 -0.177646 -0.17765 -0.177653 -0.177655 -0.177655
0.0413 -0.17737 -0.177382 -0.177394 -0.177404 -0.177415 -0.17744 -0.177464 -0.177486 -0.177507 -0.177527 -0.177545 -0.177562 -0.177578 -0.177592 -0.177605 -0.177616 -0.177626 -0.177635 -0.177643 -0.177649 -0.177655 -0.177659 -0.177662 -0.177663 -0.177664
0.0423 -0.177379 -0.177391 -0.177403 -0.177414 -0.177424 -0.177449 -0.177473 -0.177495 -0.177516 -0.177536 -0.177554 -0.177571 -0.177587 -0.177601 -0.177614 -0.177625 -0.177635 -0.177644 -0.177652 -0.177658 -0.177663 -0.177667 -0.17767 -0.177672 -0.177673
0.0433 -0.177388 -0.1774 -0.177412 -0.177423 -0.177433 -0.177458 -0.177482 -0.177504 -0.177525 -0.177545 -0.177563 -0.17758 -0.177596 -0.17761 -0.177623 -0.177634 -0.177644 -0.177653 -0.17766 -0.177667 -0.177672 -0.177676 -0.177679 -0.177681 -0.177682
0.0443 -0.177398 -0.17741 -0.177421 -0.177432 -0.177442 -0.177467 -0.177491 -0.177513 -0.177534 -0.177554 -0.177572 -0.177589 -0.177605 -0.177619 -0.177631 -0.177643 -0.177653 -0.177662 -0.177669 -0.177676 -0.177681 -0.177685 -0.177688 -0.17769 -0.17769
0.0453 -0.177407 -0.177419 -0.17743 -0.177441 -0.177451 -0.177476 -0.1775 -0.177523 -0.177543 -0.177563 -0.177581 -0.177598 -0.177614 -0.177628 -0.17764 -0.177652 -0.177662 -0.17767 -0.177678 -0.177684 -0.17769 -0.177694 -0.177697 -0.177699 -0.177699
0.0463 -0.177416 -0.177428 -0.177439 -0.17745 -0.17746 -0.177485 -0.177509 -0.177532 -0.177553 -0.177572 -0.17759 -0.177607 -0.177622 -0.177637 -0.177649 -0.177661 -0.17767 -0.177679 -0.177687 -0.177693 -0.177698 -0.177703 -0.177706 -0.177707 -0.177708
0.0473 -0.177425 -0.177437 -0.177448 -0.177459 -0.177469 -0.177495 -0.177518 -0.177541 -0.177562 -0.177581 -0.177599 -0.177616 -0.177631 -0.177645 -0.177658 -0.177669 -0.177679 -0.177688 -0.177696 -0.177702 -0.177707 -0.177711 -0.177714 -0.177716 -0.177717
0.0483 -0.177434 -0.177446 -0.177457 -0.177468 -0.177479 -0.177504 -0.177527 -0.17755 -0.177571 -0.17759 -0.177608 -0.177625 -0.17764 -0.177654 -0.177667 -0.177678 -0.177688 -0.177697 -0.177704 -0.177711 -0.177716 -0.17772 -0.177723 -0.177725 -0.177725
0.0493 -0.177443 -0.177455 -0.177467 -0.177477 -0.177488 -0.177513 -0.177536 -0.177559 -0.17758 -0.177599 -0.177617 -0.177634 -0.177649 -0.177663 -0.177676 -0.177687 -0.177697 -0.177706 -0.177713 -0.17772 -0.177725 -0.177729 -0.177732 -0.177734 -0.177734
