1

                                             * * * * * * * * *  L H S  * * * * * * * * *

                                             LATIN HYPERCUBE AND RANDOM SAMPLING PROGRAM

                                             * * * * * * * * * * * * * * * * * * * * * *


    Run on  7/ 6/21 at 14: 6:30.48 with LHS Version: 2.30 Release 1, Compiled May 31, 2001        


0    Pecos::LHSDriver

    Random Seed =           6

    Number of Variables =   5

    Number of Observations =  100
0   The sample was written to the file: LHS_samples.out
0   Input was read from the file: 
0   The sample input vectors will be printed along with their corresponding ranks.
0   Histograms of the actual sample will be plotted for each input variable.
0   The correlation matrices (raw data and rank correlations) will be printed.
1

    Pecos::LHSDriver                                                                                                             

    VARIABLE  DISTRIBUTION          RANGE            LABEL
0       1        UNIFORM    0.400     TO  0.800                                                        
0       2        UNIFORM     100.     TO   400.                                                        
0       3        UNIFORM    1.000E-02 TO  0.400                                                        
0       4        UNIFORM    1.000E-02 TO   1.00                                                        
0       5        UNIFORM    1.000E-02 TO   1.00                                                        
1Pecos::LHSDriver                                                                                                             
0LATIN HYPERCUBE SAMPLE INPUT VECTORS

 RUN NO. X(1)      X(2)      X(3)      X(4)      X(5)
0    1 0.787      355.     0.200     0.731     0.383    
0    2 0.512      400.     0.327     1.177E-02 0.907    
0    3 0.674      255.     0.382     0.171     0.429    
0    4 0.522      280.     4.324E-02 0.574     0.505    
0    5 0.492      311.     8.506E-02 5.977E-02 0.346    
0    6 0.533      217.     0.266     0.221     0.553    
0    7 0.678      239.     0.300     0.860     0.220    
0    8 0.708      315.     0.244     0.628     0.450    
0    9 0.432      317.     9.942E-02 5.901E-02 0.968    
0   10 0.516      325.     0.146     2.400E-02 4.670E-02
0   11 0.443      197.     0.364     0.751     0.890    
0   12 0.654      167.     3.271E-02 0.962     0.753    
0   13 0.588      265.     0.173     0.338     0.818    
0   14 0.736      280.     0.186     0.880     0.277    
0   15 0.526      220.     0.337     0.769     0.458    
0   16 0.765      334.     0.175     0.404     0.898    
0   17 0.773      184.     0.332     0.792     0.311    
0   18 0.659      343.     5.931E-02 0.250     0.594    
0   19 0.502      287.     1.912E-02 0.910     0.280    
0   20 0.649      201.     0.109     0.144     0.995    
0   21 0.778      163.     0.372     0.153     0.135    
0   22 0.490      272.     0.280     0.619     0.112    
0   23 0.415      115.     2.464E-02 0.420     0.784    
0   24 0.505      383.     0.380     0.949     0.620    
0   25 0.547      219.     0.367     0.448     0.564    
0   26 0.663      121.     0.106     0.110     0.577    
0   27 0.646      356.     1.084E-02 0.136     0.482    
0   28 0.409      366.     0.121     0.697     0.749    
0   29 0.597      130.     6.787E-02 0.544     0.831    
0   30 0.450      386.     0.129     0.190     0.648    
0   31 0.789      192.     0.256     0.513     0.934    
0   32 0.427      189.     0.207     0.958     0.398    
0   33 0.742      377.     0.346     0.104     0.360    
0   34 0.499      293.     6.905E-02 0.284     0.739    
0   35 0.710      261.     8.107E-02 0.428     0.291    
0   36 0.699      115.     0.102     0.713     0.541    
0   37 0.540      184.     0.184     0.273     0.488    
0   38 0.446      248.     0.243     0.826     0.807    
0   39 0.722      174.     0.159     0.837     0.726    
0   40 0.469      211.     0.294     0.685     0.872    
0   41 0.792      203.     0.134     0.476     1.719E-02
0   42 0.694      101.     0.155     0.247     0.869    
0   43 0.797      284.     0.210     0.925     0.174    
0   44 0.671      234.     0.304     9.168E-02 0.851    
0   45 0.401      148.     0.356     0.516     0.349    
0   46 0.614      291.     0.322     8.594E-02 0.602    
0   47 0.552      391.     0.135     0.867     0.306    
0   48 0.628      340.     0.229     0.383     0.212    
0   49 0.454      395.     0.350     0.821     0.776    
0   50 0.571      143.     0.287     0.443     0.703    
0   51 0.464      150.     0.321     0.802     0.683    
0   52 0.731      142.     1.760E-02 0.294     0.798    
0   53 0.557      122.     0.118     0.680     0.640    
0   54 0.565      298.     0.225     0.556     0.511    
0   55 0.550      303.     0.149     0.326     3.843E-02
0   56 0.607      158.     0.235     0.740     0.527    
0   57 0.473      207.     0.373     0.231     5.646E-02
0   58 0.751      330.     0.238     0.975     0.264    
0   59 0.438      275.     0.263     0.776     0.161    
0   60 0.685      177.     0.268     0.547     0.605    
0   61 0.622      349.     0.277     0.985     0.716    
0   62 0.638      296.     7.456E-02 0.184     0.186    
0   63 0.756      127.     0.250     0.163     0.657    
0   64 0.430      252.     0.123     0.759     0.629    
0   65 0.761      258.     0.309     0.637     0.942    
0   66 0.424      324.     0.220     0.302     0.696    
0   67 0.608      391.     3.630E-02 0.395     0.249    
0   68 0.592      106.     0.357     0.663     2.545E-02
0   69 0.783      348.     3.851E-02 0.495     0.841    
0   70 0.664      321.     0.164     0.991     0.979    
0   71 0.760      151.     0.285     4.805E-02 0.231    
0   72 0.531      268.     0.195     0.459     0.155    
0   73 0.727      211.     0.252     0.887     0.409    
0   74 0.417      137.     0.296     0.652     0.196    
0   75 0.405      225.     0.113     0.572     0.438    
0   76 0.628      381.     0.318     0.122     0.396    
0   77 0.714      155.     0.339     0.262     9.272E-02
0   78 0.589      372.     5.329E-02 0.935     0.201    
0   79 0.636      134.     4.560E-02 0.664     0.373    
0   80 0.771      362.     0.167     0.376     6.556E-02
0   81 0.480      376.     0.312     0.921     0.108    
0   82 0.617      335.     7.990E-02 0.712     0.474    
0   83 0.509      107.     0.395     0.309     0.567    
0   84 0.578      161.     9.044E-02 0.591     0.768    
0   85 0.602      242.     4.947E-02 0.213     8.226E-02
0   86 0.461      237.     0.344     0.532     0.521    
0   87 0.684      267.     9.482E-02 0.849     0.334    
0   88 0.641      244.     0.392     0.356     0.952    
0   89 0.703      370.     0.397     0.360     0.418    
0   90 0.460      125.     0.154     0.199     0.143    
0   91 0.564      230.     6.332E-02 0.492     0.127    
0   92 0.543      110.     0.203     0.600     7.322E-02
0   93 0.740      193.     0.224     0.895     0.989    
0   94 0.582      359.     0.275     0.330     0.684    
0   95 0.744      178.     0.181     0.467     0.920    
0   96 0.481      170.     2.776E-02 0.410     0.240    
0   97 0.575      305.     0.139     7.141E-02 0.666    
0   98 0.486      310.     0.192     0.609     0.320    
0   99 0.718      227.     0.386     0.804     0.860    
0  100 0.692      346.     0.215     3.782E-02 0.921    
1Pecos::LHSDriver                                                                                                             
0RANKS OF LATIN HYPERCUBE SAMPLE INPUT VECTORS

 RUN NO.    X(1)      X(2)      X(3)      X(4)      X(5)
0    1       97.       85.       49.       73.       38.
0    2       29.      100.       82.        1.       91.
0    3       69.       52.       96.       17.       43.
0    4       31.       61.        9.       58.       50.
0    5       24.       71.       20.        6.       34.
0    6       34.       39.       66.       22.       55.
0    7       70.       47.       75.       86.       22.
0    8       77.       72.       61.       63.       45.
0    9        9.       73.       23.        5.       97.
0   10       30.       76.       35.        2.        4.
0   11       11.       33.       91.       75.       89.
0   12       64.       23.        6.       97.       76.
0   13       47.       55.       42.       34.       82.
0   14       84.       60.       46.       88.       27.
0   15       32.       41.       84.       77.       46.
0   16       92.       78.       43.       40.       90.
0   17       94.       29.       83.       79.       31.
0   18       65.       81.       13.       25.       59.
0   19       26.       63.        3.       91.       28.
0   20       63.       34.       26.       14.      100.
0   21       95.       22.       93.       15.       13.
0   22       23.       58.       70.       62.       11.
0   23        4.        5.        4.       42.       79.
0   24       27.       95.       95.       95.       62.
0   25       37.       40.       92.       45.       56.
0   26       66.        7.       25.       11.       58.
0   27       62.       86.        1.       13.       48.
0   28        3.       89.       29.       70.       75.
0   29       50.       11.       15.       54.       83.
0   30       13.       96.       31.       19.       65.
0   31       98.       31.       64.       51.       94.
0   32        7.       30.       51.       96.       40.
0   33       86.       93.       87.       10.       36.
0   34       25.       65.       16.       28.       74.
0   35       78.       54.       19.       43.       29.
0   36       75.        6.       24.       72.       54.
0   37       35.       28.       45.       27.       49.
0   38       12.       50.       60.       83.       81.
0   39       81.       25.       39.       84.       73.
0   40       18.       37.       73.       69.       88.
0   41       99.       35.       32.       48.        1.
0   42       74.        1.       38.       24.       87.
0   43      100.       62.       52.       93.       17.
0   44       68.       45.       76.        9.       85.
0   45        1.       16.       89.       52.       35.
0   46       54.       64.       81.        8.       60.
0   47       39.       97.       33.       87.       30.
0   48       57.       80.       57.       38.       21.
0   49       14.       99.       88.       82.       78.
0   50       43.       15.       72.       44.       71.
0   51       17.       17.       80.       80.       68.
0   52       83.       14.        2.       29.       80.
0   53       40.        8.       28.       68.       64.
0   54       42.       67.       56.       56.       51.
0   55       38.       68.       36.       32.        3.
0   56       52.       20.       58.       74.       53.
0   57       19.       36.       94.       23.        5.
0   58       88.       77.       59.       98.       26.
0   59       10.       59.       65.       78.       16.
0   60       72.       26.       67.       55.       61.
0   61       56.       84.       69.       99.       72.
0   62       60.       66.       17.       18.       18.
0   63       89.       10.       62.       16.       66.
0   64        8.       51.       30.       76.       63.
0   65       91.       53.       77.       64.       95.
0   66        6.       75.       54.       30.       70.
0   67       53.       98.        7.       39.       25.
0   68       49.        2.       90.       66.        2.
0   69       96.       83.        8.       50.       84.
0   70       67.       74.       40.      100.       98.
0   71       90.       18.       71.        4.       23.
0   72       33.       57.       48.       46.       15.
0   73       82.       38.       63.       89.       41.
0   74        5.       13.       74.       65.       19.
0   75        2.       42.       27.       57.       44.
0   76       58.       94.       79.       12.       39.
0   77       79.       19.       85.       26.        9.
0   78       48.       91.       12.       94.       20.
0   79       59.       12.       10.       67.       37.
0   80       93.       88.       41.       37.        6.
0   81       20.       92.       78.       92.       10.
0   82       55.       79.       18.       71.       47.
0   83       28.        3.       99.       31.       57.
0   84       45.       21.       21.       59.       77.
0   85       51.       48.       11.       21.        8.
0   86       16.       46.       86.       53.       52.
0   87       71.       56.       22.       85.       33.
0   88       61.       49.       98.       35.       96.
0   89       76.       90.      100.       36.       42.
0   90       15.        9.       37.       20.       14.
0   91       41.       44.       14.       49.       12.
0   92       36.        4.       50.       60.        7.
0   93       85.       32.       55.       90.       99.
0   94       46.       87.       68.       33.       69.
0   95       87.       27.       44.       47.       92.
0   96       21.       24.        5.       41.       24.
0   97       44.       69.       34.        7.       67.
0   98       22.       70.       47.       61.       32.
0   99       80.       43.       97.       81.       86.
0  100       73.       82.       53.        3.       93.
1   Pecos::LHSDriver                                                                                                             
0  HISTOGRAM FOR VARIABLE NO.  1     UNIFORM DISTRIBUTION

     Midpoint          Freq.

   4.0999999E-01         5    XXXXX
   4.2999999E-01         5    XXXXX
   4.4999999E-01         5    XXXXX
   4.6999999E-01         5    XXXXX
   4.8999999E-01         5    XXXXX
   5.0999999E-01         5    XXXXX
   5.2999999E-01         5    XXXXX
   5.4999999E-01         5    XXXXX
   5.6999999E-01         5    XXXXX
   5.8999999E-01         5    XXXXX
   6.0999999E-01         5    XXXXX
   6.2999999E-01         5    XXXXX
   6.4999999E-01         5    XXXXX
   6.6999999E-01         5    XXXXX
   6.8999998E-01         5    XXXXX
   7.0999998E-01         5    XXXXX
   7.2999998E-01         5    XXXXX
   7.4999998E-01         5    XXXXX
   7.6999998E-01         5    XXXXX
   7.8999998E-01         5    XXXXX
0                      100


      Min            Max           Range           Mean          Median        Variance

   4.0061428E-01  7.9712041E-01  3.9650613E-01  5.9997961E-01  5.9924768E-01  1.3368860E-02

1   Pecos::LHSDriver                                                                                                             
0  HISTOGRAM FOR VARIABLE NO.  2     UNIFORM DISTRIBUTION

     Midpoint          Freq.

   9.7499998E+01         1    X
   1.1250000E+02         5    XXXXX
   1.2750000E+02         6    XXXXXX
   1.4250000E+02         5    XXXXX
   1.5750000E+02         5    XXXXX
   1.7250000E+02         5    XXXXX
   1.8750000E+02         5    XXXXX
   2.0250000E+02         4    XXXX
   2.1750000E+02         5    XXXXX
   2.3249999E+02         6    XXXXXX
   2.4749999E+02         4    XXXX
   2.6249999E+02         6    XXXXXX
   2.7749999E+02         5    XXXXX
   2.9249999E+02         5    XXXXX
   3.0749999E+02         4    XXXX
   3.2249999E+02         5    XXXXX
   3.3749999E+02         5    XXXXX
   3.5249999E+02         6    XXXXXX
   3.6749999E+02         4    XXXX
   3.8249999E+02         5    XXXXX
   3.9749999E+02         4    XXXX
0                      100


      Min            Max           Range           Mean          Median        Variance

   1.0078299E+02  3.9964289E+02  2.9885991E+02  2.5001824E+02  2.4996271E+02  7.5267806E+03

1   Pecos::LHSDriver                                                                                                             
0  HISTOGRAM FOR VARIABLE NO.  3     UNIFORM DISTRIBUTION

     Midpoint          Freq.

   9.4999998E-03         2    XX
   2.8499999E-02         5    XXXXX
   4.7499999E-02         5    XXXXX
   6.6499999E-02         5    XXXXX
   8.5499998E-02         5    XXXXX
   1.0450000E-01         5    XXXXX
   1.2350000E-01         4    XXXX
   1.4250000E-01         5    XXXXX
   1.6150000E-01         5    XXXXX
   1.8050000E-01         5    XXXXX
   1.9950000E-01         5    XXXXX
   2.1850000E-01         5    XXXXX
   2.3749999E-01         5    XXXXX
   2.5649999E-01         4    XXXX
   2.7549999E-01         5    XXXXX
   2.9449999E-01         5    XXXXX
   3.1349999E-01         6    XXXXXX
   3.3249999E-01         4    XXXX
   3.5149999E-01         5    XXXXX
   3.7049999E-01         5    XXXXX
   3.8949999E-01         5    XXXXX
0                      100


      Min            Max           Range           Mean          Median        Variance

   1.0835582E-02  3.9688943E-01  3.8605384E-01  2.0497205E-01  2.0499283E-01  1.2672086E-02

1   Pecos::LHSDriver                                                                                                             
0  HISTOGRAM FOR VARIABLE NO.  4     UNIFORM DISTRIBUTION

     Midpoint          Freq.

   2.4499999E-02         4    XXXX
   7.3499998E-02         5    XXXXX
   1.2250000E-01         5    XXXXX
   1.7150000E-01         5    XXXXX
   2.2050000E-01         4    XXXX
   2.6949999E-01         5    XXXXX
   3.1849999E-01         6    XXXXXX
   3.6749999E-01         4    XXXX
   4.1649999E-01         5    XXXXX
   4.6549999E-01         5    XXXXX
   5.1449999E-01         5    XXXXX
   5.6349999E-01         5    XXXXX
   6.1249999E-01         6    XXXXXX
   6.6149999E-01         5    XXXXX
   7.1049998E-01         4    XXXX
   7.5949998E-01         5    XXXXX
   8.0849998E-01         5    XXXXX
   8.5749998E-01         5    XXXXX
   9.0649998E-01         5    XXXXX
   9.5549998E-01         5    XXXXX
   1.0045000E+00         2    XX
0                      100


      Min            Max           Range           Mean          Median        Variance

   1.1774516E-02  9.9123596E-01  9.7946144E-01  5.0513861E-01  5.0422427E-01  8.1951753E-02

1   Pecos::LHSDriver                                                                                                             
0  HISTOGRAM FOR VARIABLE NO.  5     UNIFORM DISTRIBUTION

     Midpoint          Freq.

   2.4499999E-02         4    XXXX
   7.3499998E-02         5    XXXXX
   1.2250000E-01         5    XXXXX
   1.7150000E-01         5    XXXXX
   2.2050000E-01         5    XXXXX
   2.6949999E-01         5    XXXXX
   3.1849999E-01         4    XXXX
   3.6749999E-01         5    XXXXX
   4.1649999E-01         6    XXXXXX
   4.6549999E-01         5    XXXXX
   5.1449999E-01         4    XXXX
   5.6349999E-01         5    XXXXX
   6.1249999E-01         5    XXXXX
   6.6149999E-01         6    XXXXXX
   7.1049998E-01         4    XXXX
   7.5949998E-01         5    XXXXX
   8.0849998E-01         5    XXXXX
   8.5749998E-01         5    XXXXX
   9.0649998E-01         5    XXXXX
   9.5549998E-01         5    XXXXX
   1.0045000E+00         2    XX
0                      100


      Min            Max           Range           Mean          Median        Variance

   1.7188301E-02  9.9538138E-01  9.7819308E-01  5.0528010E-01  5.0797777E-01  8.1681378E-02

1Pecos::LHSDriver                                                                                                             
0CORRELATIONS AMONG INPUT VARIABLES CREATED BY THE LATIN HYPERCUBE SAMPLE FOR RAW DATA                              PAGE   1
0    1  1.0000
0    2 -0.0212  1.0000
0    3  0.0075 -0.0382  1.0000
0    4 -0.0329 -0.0172  0.0370  1.0000
0    5  0.0339 -0.0323  0.0109 -0.0222  1.0000
0            1       2       3       4       5
0VARIABLES
0THE VARIANCE INFLATION FACTOR FOR THIS MATRIX IS  1.00
1Pecos::LHSDriver                                                                                                             
0CORRELATIONS AMONG INPUT VARIABLES CREATED BY THE LATIN HYPERCUBE SAMPLE FOR RANK DATA                              PAGE   1
0    1  1.0000
0    2 -0.0199  1.0000
0    3  0.0099 -0.0376  1.0000
0    4 -0.0326 -0.0176  0.0361  1.0000
0    5  0.0342 -0.0353  0.0103 -0.0212  1.0000
0            1       2       3       4       5
0VARIABLES
0THE VARIANCE INFLATION FACTOR FOR THIS MATRIX IS  1.00
