 $ LHS File Format Version 1.00 
$
$ This LHS run was executed on  7/ 6/21 at 14: 6:30.48
$ with LHS Version: 2.30 Release 1, Compiled May 31, 2001        
$ The run title was:
$ Pecos::LHSDriver
$
$ Message output file for this run: LHS_distributions.out
$
$ Input file(s) for this run: 
$
$ Point Values for the distributions follow:
$
$ All point values represent mean values that
$ were calculated from the actual LHS sample.
$
    Uniform1              5.9997961E-01
    Uniform2              2.5001824E+02
    Uniform3              2.0497205E-01
    Uniform4              5.0513861E-01
    Uniform5              5.0528010E-01
$
@UNCERTAINTY
  @OBSERVATIONS    100
  @VARIABLES      5
    Uniform1:          
    Uniform2:          
    Uniform3:          
    Uniform4:          
    Uniform5:          
@SAMPLEDATA
           1           5  0.786710634757765        354.716160602402     
  0.199564039441082       0.730639492497546       0.383375904906401     
           2           5  0.512254065366462        399.642892071977     
  0.326540504523087       1.177451586967800E-002  0.906635272511211     
           3           5  0.673591863638721        255.414874577895     
  0.382221973926341       0.170881863361527       0.428619038964901     
           4           5  0.521894704617560        280.337107921951     
  4.324307565793861E-002  0.574379223946039       0.504574959780043     
           5           5  0.492478346698917        311.294590231730     
  8.505515160474460E-002  5.976943420271855E-002  0.346074155267049     
           6           5  0.533432797575370        216.607381247915     
  0.266247478737938       0.221414805111149       0.552913540294254     
           7           5  0.678367965129204        239.424927271903     
  0.299577257949207       0.859881141279801       0.220477486781287     
           8           5  0.707607897511683        315.333258634433     
  0.244209172637272       0.627560277957423       0.449942473977082     
           9           5  0.432187028349377        317.490924806567     
  9.942105057572480E-002  5.901148896995000E-002  0.968402462303801     
          10           5  0.516021580160596        325.332519068848     
  0.145747272196854       2.399608373842202E-002  4.670021830454934E-002
          11           5  0.442615640033968        197.453322374960     
  0.364318715547305       0.750701479538553       0.889579510860704     
          12           5  0.654337390431203        167.270987535594     
  3.271353782298975E-002  0.961607839489402       0.753240888124355     
          13           5  0.587927299625240        264.862671706593     
  0.172761258118041       0.337852314691874       0.817598127147066     
          14           5  0.735980386592448        279.860224423464     
  0.186031410175562       0.879734990883153       0.277146161105880     
          15           5  0.526288411239162        220.261956907576     
  0.337208285255102       0.768897741423710       0.458316800001194     
          16           5  0.764617882090621        333.739685418783     
  0.174602413256187       0.403875756436889       0.898221412076964     
          17           5  0.773164767905138        184.140168471960     
  0.332374188898224       0.791976675715227       0.311148182187858     
          18           5  0.658839528760873        342.916657628957     
  5.931427682181820E-002  0.249934619116224       0.593788586561801     
          19           5  0.502282343977131        286.693401543889     
  1.911551296394318E-002  0.910304726158245       0.280019040859723     
          20           5  0.649133740452118        200.503889800981     
  0.108845046584890       0.143649794790684       0.995381382348947     
          21           5  0.777811568455771        163.164278852986     
  0.372057336750999       0.153376827611704       0.134628941874974     
          22           5  0.489524207881652        271.535933930194     
  0.279785869962722       0.618674743190594       0.111919009548100     
          23           5  0.414748374350369        114.553194383392     
  2.464323858921416E-002  0.419837254895130       0.784479642427899     
          24           5  0.504859955583699        383.219455309212     
  0.379630988505529       0.948875425856886       0.620034698145022     
          25           5  0.547283183642663        218.746645555133     
  0.367185071549891       0.447503710477334       0.564165020661987     
          26           5  0.662784349136055        120.724920528708     
  0.105905470153526       0.109810189366597       0.577384177705855     
          27           5  0.645782933306880        356.148407992208     
  1.083558185009752E-002  0.135718568607233       0.481905455910414     
          28           5  0.408785036365502        366.195024598157     
  0.120980412161094       0.697200727486913       0.749489738926175     
          29           5  0.596695822712965        130.206288731657     
  6.786871995972470E-002  0.544472026849585       0.831478635105048     
          30           5  0.450151727772318        385.663847344462     
  0.129312681518192       0.189964479173254       0.647550478279451     
          31           5  0.788713481742889        192.094381103059     
  0.256234480812866       0.513180521668959       0.933643701702985     
          32           5  0.426909897631966        188.874913141131     
  0.207282616111171       0.958030669808807       0.397842741320725     
          33           5  0.741680705022067        376.972497641342     
  0.346123489659163       0.103709580341307       0.360375893939775     
          34           5  0.499497748202644        293.173162994673     
  6.905331415524707E-002  0.283650618443382       0.738825525106280     
          35           5  0.709862310770899        261.053624839988     
  8.107140750291290E-002  0.427784495760919       0.291001888308488     
          36           5  0.698848162559792        115.288176122354     
  0.102083067530696       0.713134415817424       0.540871063111140     
          37           5  0.539810576686636        183.744693104411     
  0.183862522325502       0.273015396615071       0.488048800986423     
          38           5  0.445703004805371        247.791701031383     
  0.242969599906541       0.826119533100585       0.807493797654123     
          39           5  0.722422114539891        174.392723816680     
  0.158724558082176       0.836675062390044       0.726018095218809     
          40           5  0.469030774208717        210.634794577258     
  0.294404937970336       0.685069963665097       0.871815507910959     
          41           5  0.792305894809775        202.872004619567     
  0.133881384154945       0.476266233481187       1.718830120675266E-002
          42           5  0.693633235961199        100.782985715661     
  0.154758666476607       0.246905668548704       0.868777996528125     
          43           5  0.797120412973687        283.530859041959     
  0.210456445370009       0.924755193068762       0.174491450860864     
          44           5  0.670871542233042        233.984304892831     
  0.304229564149608       9.167533754301256E-002  0.850808999648620     
          45           5  0.400614280141890        147.524583289865     
  0.355649232282722       0.516302667302592       0.349203762823762     
          46           5  0.614497809364460        291.090831063921     
  0.322355959207262       8.594377444838174E-002  0.601983731824579     
          47           5  0.552171943319030        390.963813040638     
  0.135300602874835       0.866728128153784       0.305597448381921     
          48           5  0.627658911335282        339.709231360583     
  0.228844339699810       0.383034060496627       0.212452938575647     
          49           5  0.454211945833638        395.099668298848     
  0.350389666007133       0.821019659229298       0.776231703248643     
          50           5  0.570540786691010        143.136874302058     
  0.287358490623860       0.443033612046856       0.703453436245443     
          51           5  0.464156050825492        149.761834121775     
  0.321052038270258       0.801725992220617       0.682976651544846     
          52           5  0.731029636707157        141.865515849087     
  1.759881552250590E-002  0.294009145777812       0.798095723198727     
          53           5  0.556694867974147        122.497990009841     
  0.117761798958411       0.680247893884452       0.639871571094496     
          54           5  0.565205439638346        298.366817182396     
  0.225232087754528       0.556401179478690       0.511380585446022     
          55           5  0.550455978568643        302.527476780349     
  0.148888385361480       0.326482354855048       3.843443952829111E-002
          56           5  0.606902704277076        157.738595414907     
  0.235269915707642       0.739538265707414       0.526586815552763     
          57           5  0.473313917603344        207.002420442412     
  0.373487369380612       0.231046798545402       5.645767830999102E-002
          58           5  0.750536775138229        330.233936892124     
  0.238266120652831       0.974812756195688       0.263502670709742     
          59           5  0.437602707349695        275.301364682149     
  0.262673382082582       0.775641699448670       0.161225346659147     
          60           5  0.685082889351063        177.427065511933     
  0.267803719727322       0.547087155789696       0.604897580367723     
          61           5  0.622221622534096        349.339044925990     
  0.277346485794359       0.984956364863529       0.715542683081166     
          62           5  0.637553925081156        295.925616366090     
  7.455888024400920E-002  0.183819963765424       0.186426744908956     
          63           5  0.755938383945264        127.228057639906     
  0.249547488441435       0.162777961819666       0.657388395379251     
          64           5  0.430337006004527        252.133713146672     
  0.123169937677076       0.759162186138355       0.629306549147144     
          65           5  0.760660110485740        258.457393264631     
  0.308696299567400       0.636649312530947       0.941824671901832     
          66           5  0.423572901951149        324.428721116623     
  0.219939593152283       0.301759251695638       0.696229462492373     
          67           5  0.608316560107283        391.144755275687     
  3.630105214687064E-002  0.395266035988461       0.248554791144631     
          68           5  0.592392557061277        105.808608871885     
  0.357188765879045       0.662713020810299       2.544713705438189E-002
          69           5  0.782589040077291        348.397455366096     
  3.851290682840627E-002  0.495268022463587       0.840527276935358     
          70           5  0.664277782781050        321.247095489642     
  0.164324544749805       0.991235956372041       0.978744209522172     
          71           5  0.759645181665197        151.446192100411     
  0.285001340985228       4.805304327309132E-002  0.231103931560041     
          72           5  0.531108274018392        268.261343337595     
  0.195159682576545       0.459189493218274       0.154520365452254     
          73           5  0.727418120165356        211.319689518306     
  0.252461085880571       0.887159785496350       0.408647156025120     
          74           5  0.416675792234018        136.954934951616     
  0.295521356508578       0.651898040100047       0.195896463854169     
          75           5  0.405084251091816        225.266903566197     
  0.112809292998118       0.571612421969394       0.438295571614336     
          76           5  0.628223135584965        380.515578587772     
  0.317530976626836       0.122293812435889       0.395940767593216     
          77           5  0.713651503489353        154.576578399632     
  0.339191427877266       0.262488424967811       9.271689029291737E-002
          78           5  0.588538890883327        372.289716627682     
  5.329320365092717E-002  0.934554321364337       0.200759317731811     
          79           5  0.635993821250275        133.752935245400     
  4.560306340402458E-002  0.664418137160758       0.373061891581723     
          80           5  0.771286541269161        361.824885214446     
  0.166683669912838       0.375900337829208       6.555823351480065E-002
          81           5  0.479639674849808        375.697425250197     
  0.312095851872885       0.920730690123141       0.107893753744964     
          82           5  0.617091714405455        334.839259058004     
  7.989984173933043E-002  0.711538987899618       0.473547875671345     
          83           5  0.508999857581221        107.376755128382     
  0.395010167472949       0.308622785592498       0.567296086526313     
          84           5  0.577597865005955        161.441390233580     
  9.043626716020517E-002  0.591000313179498       0.767911913515092     
          85           5  0.601799537995830        241.509316649055     
  4.946907487495337E-002  0.212515577004920       8.225875434693880E-002
          86           5  0.461221876346506        237.476866650395     
  0.343534610243491       0.532190050926758       0.521449039811059     
          87           5  0.683964141867124        267.345992898801     
  9.481745512604248E-002  0.849107580587920       0.334178825953905     
          88           5  0.640682542604394        244.280079359654     
  0.392047036870802       0.356361255809595       0.951608063901961     
          89           5  0.703102551843040        369.546129792696     
  0.396889426694857       0.359970683377190       0.417639938350068     
          90           5  0.459976757003926        124.827921333956     
  0.153785531440843       0.199170222978666       0.142653254253673     
          91           5  0.563697669913061        230.156851487700     
  6.332069227844477E-002  0.492336999295023       0.126749675392383     
          92           5  0.542733131051064        109.944677443244     
  0.202703043262614       0.599727612286969       7.322458283561281E-002
          93           5  0.739657591911964        193.256382095395     
  0.224151694808505       0.894755115034780       0.988896274606208     
          94           5  0.581722740787081        359.383147382876     
  0.274712688257475       0.329695423525525       0.684404818534991     
          95           5  0.744009084551595        178.337224760791     
  0.180806671318621       0.466926953049493       0.920070203021145     
          96           5  0.480963959741406        169.599513181718     
  2.775925220604986E-002  0.409645087726717       0.240353530836944     
          97           5  0.574863477355801        304.508555885870     
  0.139370693110209       7.140946082135197E-002  0.665503867472289     
          98           5  0.486046019966714        309.743482596241     
  0.192288214484951       0.608945892033447       0.319708087201859     
          99           5  0.717615727107972        227.387102117762     
  0.385859630248277       0.803906500256341       0.860388309934293     
         100           5  0.691841566157527        345.952345344005     
  0.215021268578665       3.782139187720604E-002  0.921033142105304     
